{"/home/travis/build/npmtest/node-npmtest-decimal.js/test.js":{"path":"/home/travis/build/npmtest/node-npmtest-decimal.js/test.js","s":{"1":2,"2":2,"3":2,"4":2,"5":2,"6":2,"7":2,"8":1,"9":2,"10":2,"11":1,"12":1,"13":1,"14":1,"15":2,"16":2,"17":2,"18":2,"19":1,"20":1,"21":2,"22":2,"23":2,"24":1,"25":1,"26":1,"27":1,"28":1,"29":1,"30":1,"31":1,"32":1,"33":1,"34":1,"35":1,"36":1,"37":1,"38":1,"39":2,"40":2,"41":1,"42":2,"43":2,"44":1,"45":2,"46":2,"47":1,"48":2,"49":2,"50":1,"51":1,"52":1,"53":1,"54":1},"b":{"1":[2,1,1,1],"2":[1,1,1,1],"3":[1,1],"4":[1,1],"5":[1,1],"6":[1,1],"7":[1,1],"8":[1,1],"9":[1,1],"10":[1,1,1],"11":[1,1],"12":[1,1],"13":[1,1],"14":[1,1],"15":[1,1],"16":[1,1],"17":[1,1]},"f":{"1":2,"2":2,"3":2,"4":2,"5":2,"6":1,"7":1,"8":1,"9":2,"10":2,"11":2,"12":2,"13":1},"fnMap":{"1":{"name":"(anonymous_1)","line":12,"loc":{"start":{"line":12,"column":1},"end":{"line":12,"column":13}}},"2":{"name":"(anonymous_2)","line":19,"loc":{"start":{"line":19,"column":5},"end":{"line":19,"column":17}}},"3":{"name":"(anonymous_3)","line":23,"loc":{"start":{"line":23,"column":24},"end":{"line":23,"column":36}}},"4":{"name":"(anonymous_4)","line":61,"loc":{"start":{"line":61,"column":5},"end":{"line":61,"column":17}}},"5":{"name":"(anonymous_5)","line":82,"loc":{"start":{"line":82,"column":5},"end":{"line":82,"column":17}}},"6":{"name":"(anonymous_6)","line":91,"loc":{"start":{"line":91,"column":77},"end":{"line":94,"column":10}}},"7":{"name":"(anonymous_7)","line":112,"loc":{"start":{"line":112,"column":83},"end":{"line":115,"column":10}},"skip":true},"8":{"name":"(anonymous_8)","line":123,"loc":{"start":{"line":123,"column":77},"end":{"line":126,"column":10}},"skip":true},"9":{"name":"(anonymous_9)","line":139,"loc":{"start":{"line":139,"column":12},"end":{"line":139,"column":40}},"skip":true},"10":{"name":"(anonymous_10)","line":147,"loc":{"start":{"line":147,"column":77},"end":{"line":150,"column":10}},"skip":true},"11":{"name":"(anonymous_11)","line":158,"loc":{"start":{"line":158,"column":83},"end":{"line":161,"column":10}},"skip":true},"12":{"name":"(anonymous_12)","line":169,"loc":{"start":{"line":169,"column":79},"end":{"line":172,"column":10}},"skip":true},"13":{"name":"(anonymous_13)","line":180,"loc":{"start":{"line":180,"column":75},"end":{"line":183,"column":10}},"skip":true}},"statementMap":{"1":{"start":{"line":12,"column":0},"end":{"line":195,"column":5}},"2":{"start":{"line":14,"column":4},"end":{"line":14,"column":14}},"3":{"start":{"line":19,"column":4},"end":{"line":56,"column":9}},"4":{"start":{"line":21,"column":8},"end":{"line":21,"column":19}},"5":{"start":{"line":23,"column":8},"end":{"line":35,"column":13}},"6":{"start":{"line":24,"column":12},"end":{"line":34,"column":13}},"7":{"start":{"line":25,"column":16},"end":{"line":28,"column":30}},"8":{"start":{"line":30,"column":16},"end":{"line":33,"column":27}},"9":{"start":{"line":37,"column":8},"end":{"line":39,"column":21}},"10":{"start":{"line":40,"column":8},"end":{"line":53,"column":9}},"11":{"start":{"line":43,"column":12},"end":{"line":46,"column":14}},"12":{"start":{"line":47,"column":12},"end":{"line":47,"column":18}},"13":{"start":{"line":50,"column":12},"end":{"line":51,"column":33}},"14":{"start":{"line":52,"column":12},"end":{"line":52,"column":18}},"15":{"start":{"line":55,"column":8},"end":{"line":55,"column":35}},"16":{"start":{"line":61,"column":4},"end":{"line":63,"column":9}},"17":{"start":{"line":62,"column":8},"end":{"line":62,"column":15}},"18":{"start":{"line":64,"column":4},"end":{"line":77,"column":5}},"19":{"start":{"line":70,"column":8},"end":{"line":70,"column":14}},"20":{"start":{"line":76,"column":8},"end":{"line":76,"column":14}},"21":{"start":{"line":82,"column":4},"end":{"line":84,"column":9}},"22":{"start":{"line":83,"column":8},"end":{"line":83,"column":15}},"23":{"start":{"line":85,"column":4},"end":{"line":194,"column":5}},"24":{"start":{"line":91,"column":8},"end":{"line":99,"column":10}},"25":{"start":{"line":98,"column":12},"end":{"line":98,"column":35}},"26":{"start":{"line":102,"column":8},"end":{"line":104,"column":63}},"27":{"start":{"line":105,"column":8},"end":{"line":105,"column":14}},"28":{"start":{"line":112,"column":8},"end":{"line":121,"column":10},"skip":true},"29":{"start":{"line":119,"column":12},"end":{"line":119,"column":55},"skip":true},"30":{"start":{"line":120,"column":12},"end":{"line":120,"column":48},"skip":true},"31":{"start":{"line":123,"column":8},"end":{"line":136,"column":10},"skip":true},"32":{"start":{"line":130,"column":12},"end":{"line":130,"column":76},"skip":true},"33":{"start":{"line":131,"column":12},"end":{"line":131,"column":73},"skip":true},"34":{"start":{"line":132,"column":12},"end":{"line":132,"column":74},"skip":true},"35":{"start":{"line":133,"column":12},"end":{"line":133,"column":79},"skip":true},"36":{"start":{"line":134,"column":12},"end":{"line":134,"column":25},"skip":true},"37":{"start":{"line":135,"column":12},"end":{"line":135,"column":45},"skip":true},"38":{"start":{"line":138,"column":8},"end":{"line":145,"column":14},"skip":true},"39":{"start":{"line":143,"column":16},"end":{"line":143,"column":29},"skip":true},"40":{"start":{"line":144,"column":16},"end":{"line":144,"column":55},"skip":true},"41":{"start":{"line":147,"column":8},"end":{"line":156,"column":10},"skip":true},"42":{"start":{"line":154,"column":12},"end":{"line":154,"column":25},"skip":true},"43":{"start":{"line":155,"column":12},"end":{"line":155,"column":45},"skip":true},"44":{"start":{"line":158,"column":8},"end":{"line":167,"column":10},"skip":true},"45":{"start":{"line":165,"column":12},"end":{"line":165,"column":25},"skip":true},"46":{"start":{"line":166,"column":12},"end":{"line":166,"column":48},"skip":true},"47":{"start":{"line":169,"column":8},"end":{"line":178,"column":10},"skip":true},"48":{"start":{"line":176,"column":12},"end":{"line":176,"column":25},"skip":true},"49":{"start":{"line":177,"column":12},"end":{"line":177,"column":46},"skip":true},"50":{"start":{"line":180,"column":8},"end":{"line":189,"column":10},"skip":true},"51":{"start":{"line":187,"column":12},"end":{"line":187,"column":94},"skip":true},"52":{"start":{"line":188,"column":12},"end":{"line":188,"column":48},"skip":true},"53":{"start":{"line":192,"column":8},"end":{"line":192,"column":35},"skip":true},"54":{"start":{"line":193,"column":8},"end":{"line":193,"column":14},"skip":true}},"branchMap":{"1":{"line":25,"type":"binary-expr","locations":[{"start":{"line":25,"column":23},"end":{"line":25,"column":62}},{"start":{"line":26,"column":20},"end":{"line":26,"column":70}},{"start":{"line":27,"column":20},"end":{"line":27,"column":71}},{"start":{"line":28,"column":20},"end":{"line":28,"column":29}}]},"2":{"line":30,"type":"binary-expr","locations":[{"start":{"line":30,"column":23},"end":{"line":30,"column":37}},{"start":{"line":31,"column":20},"end":{"line":31,"column":61}},{"start":{"line":32,"column":20},"end":{"line":32,"column":70}},{"start":{"line":33,"column":20},"end":{"line":33,"column":26}}]},"3":{"line":37,"type":"cond-expr","locations":[{"start":{"line":38,"column":14},"end":{"line":38,"column":20}},{"start":{"line":39,"column":14},"end":{"line":39,"column":20}}]},"4":{"line":40,"type":"switch","locations":[{"start":{"line":42,"column":8},"end":{"line":47,"column":18}},{"start":{"line":49,"column":8},"end":{"line":52,"column":18}}]},"5":{"line":44,"type":"binary-expr","locations":[{"start":{"line":44,"column":16},"end":{"line":44,"column":44}},{"start":{"line":44,"column":48},"end":{"line":44,"column":66}}]},"6":{"line":50,"type":"binary-expr","locations":[{"start":{"line":50,"column":21},"end":{"line":50,"column":49}},{"start":{"line":50,"column":53},"end":{"line":50,"column":72}}]},"7":{"line":64,"type":"switch","locations":[{"start":{"line":69,"column":4},"end":{"line":70,"column":14}},{"start":{"line":75,"column":4},"end":{"line":76,"column":14}}]},"8":{"line":85,"type":"switch","locations":[{"start":{"line":90,"column":4},"end":{"line":105,"column":14}},{"start":{"line":111,"column":4},"end":{"line":193,"column":14},"skip":true}]},"9":{"line":91,"type":"binary-expr","locations":[{"start":{"line":91,"column":42},"end":{"line":91,"column":73}},{"start":{"line":91,"column":77},"end":{"line":99,"column":9}}]},"10":{"line":102,"type":"binary-expr","locations":[{"start":{"line":102,"column":18},"end":{"line":102,"column":32}},{"start":{"line":103,"column":12},"end":{"line":103,"column":53}},{"start":{"line":104,"column":12},"end":{"line":104,"column":61}}]},"11":{"line":112,"type":"binary-expr","locations":[{"start":{"line":112,"column":45},"end":{"line":112,"column":79},"skip":true},{"start":{"line":112,"column":83},"end":{"line":121,"column":9},"skip":true}]},"12":{"line":123,"type":"binary-expr","locations":[{"start":{"line":123,"column":42},"end":{"line":123,"column":73},"skip":true},{"start":{"line":123,"column":77},"end":{"line":136,"column":9},"skip":true}]},"13":{"line":138,"type":"binary-expr","locations":[{"start":{"line":138,"column":48},"end":{"line":138,"column":85},"skip":true},{"start":{"line":139,"column":12},"end":{"line":145,"column":13},"skip":true}]},"14":{"line":147,"type":"binary-expr","locations":[{"start":{"line":147,"column":42},"end":{"line":147,"column":73},"skip":true},{"start":{"line":147,"column":77},"end":{"line":156,"column":9},"skip":true}]},"15":{"line":158,"type":"binary-expr","locations":[{"start":{"line":158,"column":45},"end":{"line":158,"column":79},"skip":true},{"start":{"line":158,"column":83},"end":{"line":167,"column":9},"skip":true}]},"16":{"line":169,"type":"binary-expr","locations":[{"start":{"line":169,"column":43},"end":{"line":169,"column":75},"skip":true},{"start":{"line":169,"column":79},"end":{"line":178,"column":9},"skip":true}]},"17":{"line":180,"type":"binary-expr","locations":[{"start":{"line":180,"column":41},"end":{"line":180,"column":71},"skip":true},{"start":{"line":180,"column":75},"end":{"line":189,"column":9},"skip":true}]}},"code":["/* istanbul instrument in package npmtest_decimal_js */","/*jslint","    bitwise: true,","    browser: true,","    maxerr: 8,","    maxlen: 96,","    node: true,","    nomen: true,","    regexp: true,","    stupid: true","*/","(function () {","    'use strict';","    var local;","","","","    // run shared js-env code - pre-init","    (function () {","        // init local","        local = {};","        // init modeJs","        local.modeJs = (function () {","            try {","                return typeof navigator.userAgent === 'string' &&","                    typeof document.querySelector('body') === 'object' &&","                    typeof XMLHttpRequest.prototype.open === 'function' &&","                    'browser';","            } catch (errorCaughtBrowser) {","                return module.exports &&","                    typeof process.versions.node === 'string' &&","                    typeof require('http').createServer === 'function' &&","                    'node';","            }","        }());","        // init global","        local.global = local.modeJs === 'browser'","            ? window","            : global;","        switch (local.modeJs) {","        // re-init local from window.local","        case 'browser':","            local = local.global.utility2.objectSetDefault(","                local.global.utility2_rollup || local.global.local,","                local.global.utility2","            );","            break;","        // re-init local from example.js","        case 'node':","            local = (local.global.utility2_rollup || require('utility2'))","                .requireReadme();","            break;","        }","        // export local","        local.global.local = local;","    }());","","","","    // run shared js-env code - function","    (function () {","        return;","    }());","    switch (local.modeJs) {","","","","    // run browser js-env code - function","    case 'browser':","        break;","","","","    // run node js-env code - function","    case 'node':","        break;","    }","","","","    // run shared js-env code - post-init","    (function () {","        return;","    }());","    switch (local.modeJs) {","","","","    // run browser js-env code - post-init","    case 'browser':","        local.testCase_browser_nullCase = local.testCase_browser_nullCase || function (","            options,","            onError","        ) {","        /*","         * this function will test browsers's null-case handling-behavior-behavior","         */","            onError(null, options);","        };","","        // run tests","        local.nop(local.modeTest &&","            document.querySelector('#testRunButton1') &&","            document.querySelector('#testRunButton1').click());","        break;","","","","    // run node js-env code - post-init","    /* istanbul ignore next */","    case 'node':","        local.testCase_buildApidoc_default = local.testCase_buildApidoc_default || function (","            options,","            onError","        ) {","        /*","         * this function will test buildApidoc's default handling-behavior-behavior","         */","            options = { modulePathList: module.paths };","            local.buildApidoc(options, onError);","        };","","        local.testCase_buildApp_default = local.testCase_buildApp_default || function (","            options,","            onError","        ) {","        /*","         * this function will test buildApp's default handling-behavior-behavior","         */","            local.testCase_buildReadme_default(options, local.onErrorThrow);","            local.testCase_buildLib_default(options, local.onErrorThrow);","            local.testCase_buildTest_default(options, local.onErrorThrow);","            local.testCase_buildCustomOrg_default(options, local.onErrorThrow);","            options = [];","            local.buildApp(options, onError);","        };","","        local.testCase_buildCustomOrg_default = local.testCase_buildCustomOrg_default ||","            function (options, onError) {","            /*","             * this function will test buildCustomOrg's default handling-behavior","             */","                options = {};","                local.buildCustomOrg(options, onError);","            };","","        local.testCase_buildLib_default = local.testCase_buildLib_default || function (","            options,","            onError","        ) {","        /*","         * this function will test buildLib's default handling-behavior","         */","            options = {};","            local.buildLib(options, onError);","        };","","        local.testCase_buildReadme_default = local.testCase_buildReadme_default || function (","            options,","            onError","        ) {","        /*","         * this function will test buildReadme's default handling-behavior-behavior","         */","            options = {};","            local.buildReadme(options, onError);","        };","","        local.testCase_buildTest_default = local.testCase_buildTest_default || function (","            options,","            onError","        ) {","        /*","         * this function will test buildTest's default handling-behavior","         */","            options = {};","            local.buildTest(options, onError);","        };","","        local.testCase_webpage_default = local.testCase_webpage_default || function (","            options,","            onError","        ) {","        /*","         * this function will test webpage's default handling-behavior","         */","            options = { modeCoverageMerge: true, url: local.serverLocalHost + '?modeTest=1' };","            local.browserTest(options, onError);","        };","","        // run test-server","        local.testRunServer(local);","        break;","    }","}());",""],"l":{"12":2,"14":2,"19":2,"21":2,"23":2,"24":2,"25":2,"30":1,"37":2,"40":2,"43":1,"47":1,"50":1,"52":1,"55":2,"61":2,"62":2,"64":2,"70":1,"76":1,"82":2,"83":2,"85":2,"91":1,"98":1,"102":1,"105":1,"112":1,"119":1,"120":1,"123":1,"130":1,"131":1,"132":1,"133":1,"134":1,"135":1,"138":1,"143":2,"144":2,"147":1,"154":2,"155":2,"158":1,"165":2,"166":2,"169":1,"176":2,"177":2,"180":1,"187":1,"188":1,"192":1,"193":1}},"/home/travis/build/npmtest/node-npmtest-decimal.js/lib.npmtest_decimal.js.js":{"path":"/home/travis/build/npmtest/node-npmtest-decimal.js/lib.npmtest_decimal.js.js","s":{"1":2,"2":2,"3":2,"4":2,"5":2,"6":2,"7":2,"8":1,"9":2,"10":2,"11":2,"12":2,"13":1,"14":1,"15":1,"16":1},"b":{"1":[2,1,1,1],"2":[1,1,1,1],"3":[1,1],"4":[2,2],"5":[1,1]},"f":{"1":2,"2":2,"3":2},"fnMap":{"1":{"name":"(anonymous_1)","line":12,"loc":{"start":{"line":12,"column":1},"end":{"line":12,"column":13}}},"2":{"name":"(anonymous_2)","line":19,"loc":{"start":{"line":19,"column":5},"end":{"line":19,"column":17}}},"3":{"name":"(anonymous_3)","line":23,"loc":{"start":{"line":23,"column":24},"end":{"line":23,"column":36}}}},"statementMap":{"1":{"start":{"line":12,"column":0},"end":{"line":53,"column":5}},"2":{"start":{"line":14,"column":4},"end":{"line":14,"column":14}},"3":{"start":{"line":19,"column":4},"end":{"line":52,"column":9}},"4":{"start":{"line":21,"column":8},"end":{"line":21,"column":19}},"5":{"start":{"line":23,"column":8},"end":{"line":35,"column":13}},"6":{"start":{"line":24,"column":12},"end":{"line":34,"column":13}},"7":{"start":{"line":25,"column":16},"end":{"line":28,"column":30}},"8":{"start":{"line":30,"column":16},"end":{"line":33,"column":27}},"9":{"start":{"line":37,"column":8},"end":{"line":39,"column":21}},"10":{"start":{"line":41,"column":8},"end":{"line":41,"column":54}},"11":{"start":{"line":43,"column":8},"end":{"line":43,"column":55}},"12":{"start":{"line":45,"column":8},"end":{"line":51,"column":9}},"13":{"start":{"line":46,"column":12},"end":{"line":46,"column":61}},"14":{"start":{"line":48,"column":12},"end":{"line":48,"column":35}},"15":{"start":{"line":49,"column":12},"end":{"line":49,"column":49}},"16":{"start":{"line":50,"column":12},"end":{"line":50,"column":43}}},"branchMap":{"1":{"line":25,"type":"binary-expr","locations":[{"start":{"line":25,"column":23},"end":{"line":25,"column":62}},{"start":{"line":26,"column":20},"end":{"line":26,"column":70}},{"start":{"line":27,"column":20},"end":{"line":27,"column":71}},{"start":{"line":28,"column":20},"end":{"line":28,"column":29}}]},"2":{"line":30,"type":"binary-expr","locations":[{"start":{"line":30,"column":23},"end":{"line":30,"column":37}},{"start":{"line":31,"column":20},"end":{"line":31,"column":61}},{"start":{"line":32,"column":20},"end":{"line":32,"column":70}},{"start":{"line":33,"column":20},"end":{"line":33,"column":26}}]},"3":{"line":37,"type":"cond-expr","locations":[{"start":{"line":38,"column":14},"end":{"line":38,"column":20}},{"start":{"line":39,"column":14},"end":{"line":39,"column":20}}]},"4":{"line":41,"type":"binary-expr","locations":[{"start":{"line":41,"column":16},"end":{"line":41,"column":44}},{"start":{"line":41,"column":48},"end":{"line":41,"column":53}}]},"5":{"line":45,"type":"if","locations":[{"start":{"line":45,"column":8},"end":{"line":45,"column":8}},{"start":{"line":45,"column":8},"end":{"line":45,"column":8}}]}},"code":["/* istanbul instrument in package npmtest_decimal_js */","/*jslint","    bitwise: true,","    browser: true,","    maxerr: 8,","    maxlen: 96,","    node: true,","    nomen: true,","    regexp: true,","    stupid: true","*/","(function () {","    'use strict';","    var local;","","","","    // run shared js-env code - pre-init","    (function () {","        // init local","        local = {};","        // init modeJs","        local.modeJs = (function () {","            try {","                return typeof navigator.userAgent === 'string' &&","                    typeof document.querySelector('body') === 'object' &&","                    typeof XMLHttpRequest.prototype.open === 'function' &&","                    'browser';","            } catch (errorCaughtBrowser) {","                return module.exports &&","                    typeof process.versions.node === 'string' &&","                    typeof require('http').createServer === 'function' &&","                    'node';","            }","        }());","        // init global","        local.global = local.modeJs === 'browser'","            ? window","            : global;","        // init utility2_rollup","        local = local.global.utility2_rollup || local;","        // init lib","        local.local = local.npmtest_decimal_js = local;","        // init exports","        if (local.modeJs === 'browser') {","            local.global.utility2_npmtest_decimal_js = local;","        } else {","            module.exports = local;","            module.exports.__dirname = __dirname;","            module.exports.module = module;","        }","    }());","}());",""],"l":{"12":2,"14":2,"19":2,"21":2,"23":2,"24":2,"25":2,"30":1,"37":2,"41":2,"43":2,"45":2,"46":1,"48":1,"49":1,"50":1}},"/home/travis/build/npmtest/node-npmtest-decimal.js/example.js":{"path":"/home/travis/build/npmtest/node-npmtest-decimal.js/example.js","s":{"1":2,"2":2,"3":2,"4":2,"5":2,"6":2,"7":2,"8":1,"9":2,"10":2,"11":2,"12":2,"13":1,"14":2,"15":2,"16":2,"17":2,"18":2,"19":0,"20":2,"21":1,"22":1,"23":1,"24":1,"25":1,"26":0,"27":0,"28":1,"29":1,"30":2,"31":0,"32":0,"33":0,"34":1,"35":2,"36":2,"37":3,"38":3,"39":3,"40":3,"41":0,"42":3,"43":3,"44":3,"45":1,"46":3,"47":1,"48":1,"49":1,"50":1,"51":1,"52":1,"53":1,"54":1,"55":1,"56":1,"57":0,"58":1,"59":6,"60":6,"61":1,"62":2,"63":0,"64":2,"65":1,"66":1,"67":0,"68":0,"69":0,"70":0,"71":0,"72":0,"73":0,"74":0,"75":0,"76":0,"77":0,"78":0,"79":0,"80":0,"81":0,"82":0,"83":0},"b":{"1":[2,1,1,1],"2":[1,1,1,1],"3":[1,1],"4":[2,2],"5":[1,1],"6":[1,1],"7":[2,0],"8":[2,1,1,1,1,1],"9":[0,2,0],"10":[1,1],"11":[2,1,1],"12":[1,0],"13":[0,2],"14":[2,0,0,0,0,0,0],"15":[0,3],"16":[3,0],"17":[1,1],"18":[0,1],"19":[1,2,0,2],"20":[1,0],"21":[1,1],"22":[0,0],"23":[0,0],"24":[0,0],"25":[0,0],"26":[0,0],"27":[0,0],"28":[0,0]},"f":{"1":2,"2":2,"3":2,"4":2,"5":2,"6":2,"7":3,"8":3,"9":3,"10":1,"11":6,"12":0},"fnMap":{"1":{"name":"(anonymous_1)","line":26,"loc":{"start":{"line":26,"column":1},"end":{"line":26,"column":13}}},"2":{"name":"(anonymous_2)","line":33,"loc":{"start":{"line":33,"column":5},"end":{"line":33,"column":17}}},"3":{"name":"(anonymous_3)","line":37,"loc":{"start":{"line":37,"column":24},"end":{"line":37,"column":36}}},"4":{"name":"(anonymous_4)","line":69,"loc":{"start":{"line":69,"column":31},"end":{"line":69,"column":48}},"skip":true},"5":{"name":"(anonymous_5)","line":78,"loc":{"start":{"line":78,"column":26},"end":{"line":78,"column":45}},"skip":true},"6":{"name":"(anonymous_6)","line":123,"loc":{"start":{"line":123,"column":33},"end":{"line":123,"column":48}},"skip":true},"7":{"name":"(anonymous_7)","line":125,"loc":{"start":{"line":125,"column":27},"end":{"line":125,"column":39}},"skip":true},"8":{"name":"(anonymous_8)","line":133,"loc":{"start":{"line":133,"column":59},"end":{"line":133,"column":74}},"skip":true},"9":{"name":"(anonymous_9)","line":143,"loc":{"start":{"line":143,"column":45},"end":{"line":143,"column":62}},"skip":true},"10":{"name":"(anonymous_10)","line":144,"loc":{"start":{"line":144,"column":73},"end":{"line":144,"column":92}},"skip":true},"11":{"name":"(anonymous_11)","line":272,"loc":{"start":{"line":272,"column":51},"end":{"line":272,"column":77}},"skip":true},"12":{"name":"(anonymous_12)","line":315,"loc":{"start":{"line":315,"column":32},"end":{"line":315,"column":61}},"skip":true}},"statementMap":{"1":{"start":{"line":26,"column":0},"end":{"line":326,"column":5}},"2":{"start":{"line":28,"column":4},"end":{"line":28,"column":14}},"3":{"start":{"line":33,"column":4},"end":{"line":60,"column":9}},"4":{"start":{"line":35,"column":8},"end":{"line":35,"column":19}},"5":{"start":{"line":37,"column":8},"end":{"line":49,"column":13}},"6":{"start":{"line":38,"column":12},"end":{"line":48,"column":13}},"7":{"start":{"line":39,"column":16},"end":{"line":42,"column":30}},"8":{"start":{"line":44,"column":16},"end":{"line":47,"column":27}},"9":{"start":{"line":51,"column":8},"end":{"line":53,"column":21}},"10":{"start":{"line":55,"column":8},"end":{"line":57,"column":45}},"11":{"start":{"line":59,"column":8},"end":{"line":59,"column":35}},"12":{"start":{"line":61,"column":4},"end":{"line":325,"column":5}},"13":{"start":{"line":69,"column":8},"end":{"line":121,"column":10},"skip":true},"14":{"start":{"line":70,"column":12},"end":{"line":88,"column":13},"skip":true},"15":{"start":{"line":76,"column":16},"end":{"line":87,"column":19},"skip":true},"16":{"start":{"line":79,"column":20},"end":{"line":86,"column":21},"skip":true},"17":{"start":{"line":82,"column":24},"end":{"line":82,"column":43},"skip":true},"18":{"start":{"line":83,"column":24},"end":{"line":83,"column":30},"skip":true},"19":{"start":{"line":85,"column":24},"end":{"line":85,"column":49},"skip":true},"20":{"start":{"line":89,"column":12},"end":{"line":107,"column":13},"skip":true},"21":{"start":{"line":92,"column":16},"end":{"line":102,"column":17},"skip":true},"22":{"start":{"line":93,"column":20},"end":{"line":93,"column":86},"skip":true},"23":{"start":{"line":94,"column":20},"end":{"line":95,"column":45},"skip":true},"24":{"start":{"line":96,"column":20},"end":{"line":96,"column":42},"skip":true},"25":{"start":{"line":97,"column":20},"end":{"line":97,"column":48},"skip":true},"26":{"start":{"line":100,"column":20},"end":{"line":100,"column":85},"skip":true},"27":{"start":{"line":101,"column":20},"end":{"line":101,"column":96},"skip":true},"28":{"start":{"line":103,"column":16},"end":{"line":103,"column":22},"skip":true},"29":{"start":{"line":106,"column":16},"end":{"line":106,"column":22},"skip":true},"30":{"start":{"line":108,"column":12},"end":{"line":120,"column":13},"skip":true},"31":{"start":{"line":114,"column":16},"end":{"line":119,"column":17},"skip":true},"32":{"start":{"line":116,"column":20},"end":{"line":116,"column":78},"skip":true},"33":{"start":{"line":118,"column":20},"end":{"line":118,"column":47},"skip":true},"34":{"start":{"line":123,"column":8},"end":{"line":141,"column":11},"skip":true},"35":{"start":{"line":124,"column":12},"end":{"line":124,"column":54},"skip":true},"36":{"start":{"line":125,"column":12},"end":{"line":140,"column":14},"skip":true},"37":{"start":{"line":126,"column":16},"end":{"line":126,"column":28},"skip":true},"38":{"start":{"line":127,"column":16},"end":{"line":127,"column":69},"skip":true},"39":{"start":{"line":128,"column":16},"end":{"line":128,"column":75},"skip":true},"40":{"start":{"line":129,"column":16},"end":{"line":131,"column":17},"skip":true},"41":{"start":{"line":130,"column":20},"end":{"line":130,"column":27},"skip":true},"42":{"start":{"line":133,"column":16},"end":{"line":137,"column":36},"skip":true},"43":{"start":{"line":134,"column":20},"end":{"line":136,"column":55},"skip":true},"44":{"start":{"line":139,"column":16},"end":{"line":139,"column":57},"skip":true},"45":{"start":{"line":143,"column":8},"end":{"line":147,"column":11},"skip":true},"46":{"start":{"line":144,"column":12},"end":{"line":146,"column":15},"skip":true},"47":{"start":{"line":145,"column":16},"end":{"line":145,"column":70},"skip":true},"48":{"start":{"line":149,"column":8},"end":{"line":149,"column":31},"skip":true},"49":{"start":{"line":150,"column":8},"end":{"line":150,"column":14},"skip":true},"50":{"start":{"line":158,"column":8},"end":{"line":158,"column":31},"skip":true},"51":{"start":{"line":160,"column":8},"end":{"line":160,"column":33},"skip":true},"52":{"start":{"line":161,"column":8},"end":{"line":161,"column":37},"skip":true},"53":{"start":{"line":162,"column":8},"end":{"line":162,"column":35},"skip":true},"54":{"start":{"line":164,"column":8},"end":{"line":164,"column":50},"skip":true},"55":{"start":{"line":166,"column":8},"end":{"line":256,"column":2},"skip":true},"56":{"start":{"line":258,"column":8},"end":{"line":286,"column":9},"skip":true},"57":{"start":{"line":259,"column":12},"end":{"line":269,"column":14},"skip":true},"58":{"start":{"line":271,"column":12},"end":{"line":285,"column":19},"skip":true},"59":{"start":{"line":274,"column":20},"end":{"line":274,"column":35},"skip":true},"60":{"start":{"line":275,"column":20},"end":{"line":284,"column":21},"skip":true},"61":{"start":{"line":277,"column":24},"end":{"line":277,"column":64},"skip":true},"62":{"start":{"line":279,"column":24},"end":{"line":279,"column":40},"skip":true},"63":{"start":{"line":281,"column":24},"end":{"line":281,"column":40},"skip":true},"64":{"start":{"line":283,"column":24},"end":{"line":283,"column":39},"skip":true},"65":{"start":{"line":288,"column":8},"end":{"line":290,"column":9},"skip":true},"66":{"start":{"line":289,"column":12},"end":{"line":289,"column":18},"skip":true},"67":{"start":{"line":291,"column":8},"end":{"line":293,"column":54},"skip":true},"68":{"start":{"line":296,"column":8},"end":{"line":301,"column":37},"skip":true},"69":{"start":{"line":303,"column":8},"end":{"line":303,"column":82},"skip":true},"70":{"start":{"line":306,"column":8},"end":{"line":308,"column":9},"skip":true},"71":{"start":{"line":307,"column":12},"end":{"line":307,"column":82},"skip":true},"72":{"start":{"line":310,"column":8},"end":{"line":312,"column":9},"skip":true},"73":{"start":{"line":311,"column":12},"end":{"line":311,"column":18},"skip":true},"74":{"start":{"line":313,"column":8},"end":{"line":313,"column":54},"skip":true},"75":{"start":{"line":314,"column":8},"end":{"line":314,"column":69},"skip":true},"76":{"start":{"line":315,"column":8},"end":{"line":323,"column":36},"skip":true},"77":{"start":{"line":316,"column":12},"end":{"line":316,"column":61},"skip":true},"78":{"start":{"line":317,"column":12},"end":{"line":320,"column":13},"skip":true},"79":{"start":{"line":318,"column":16},"end":{"line":318,"column":75},"skip":true},"80":{"start":{"line":319,"column":16},"end":{"line":319,"column":23},"skip":true},"81":{"start":{"line":321,"column":12},"end":{"line":321,"column":38},"skip":true},"82":{"start":{"line":322,"column":12},"end":{"line":322,"column":27},"skip":true},"83":{"start":{"line":324,"column":8},"end":{"line":324,"column":14},"skip":true}},"branchMap":{"1":{"line":39,"type":"binary-expr","locations":[{"start":{"line":39,"column":23},"end":{"line":39,"column":62}},{"start":{"line":40,"column":20},"end":{"line":40,"column":70}},{"start":{"line":41,"column":20},"end":{"line":41,"column":71}},{"start":{"line":42,"column":20},"end":{"line":42,"column":29}}]},"2":{"line":44,"type":"binary-expr","locations":[{"start":{"line":44,"column":23},"end":{"line":44,"column":37}},{"start":{"line":45,"column":20},"end":{"line":45,"column":61}},{"start":{"line":46,"column":20},"end":{"line":46,"column":70}},{"start":{"line":47,"column":20},"end":{"line":47,"column":26}}]},"3":{"line":51,"type":"cond-expr","locations":[{"start":{"line":52,"column":14},"end":{"line":52,"column":20}},{"start":{"line":53,"column":14},"end":{"line":53,"column":20}}]},"4":{"line":55,"type":"binary-expr","locations":[{"start":{"line":55,"column":16},"end":{"line":55,"column":44}},{"start":{"line":55,"column":49},"end":{"line":57,"column":43}}]},"5":{"line":55,"type":"cond-expr","locations":[{"start":{"line":56,"column":14},"end":{"line":56,"column":54}},{"start":{"line":57,"column":14},"end":{"line":57,"column":43}}]},"6":{"line":61,"type":"switch","locations":[{"start":{"line":68,"column":4},"end":{"line":150,"column":14},"skip":true},{"start":{"line":156,"column":4},"end":{"line":324,"column":14},"skip":true}]},"7":{"line":70,"type":"if","locations":[{"start":{"line":70,"column":12},"end":{"line":70,"column":12},"skip":true},{"start":{"line":70,"column":12},"end":{"line":70,"column":12},"skip":true}]},"8":{"line":70,"type":"binary-expr","locations":[{"start":{"line":70,"column":16},"end":{"line":70,"column":22},"skip":true},{"start":{"line":70,"column":27},"end":{"line":70,"column":32},"skip":true},{"start":{"line":71,"column":20},"end":{"line":71,"column":39},"skip":true},{"start":{"line":72,"column":20},"end":{"line":72,"column":49},"skip":true},{"start":{"line":73,"column":20},"end":{"line":73,"column":58},"skip":true},{"start":{"line":74,"column":20},"end":{"line":74,"column":69},"skip":true}]},"9":{"line":79,"type":"switch","locations":[{"start":{"line":80,"column":20},"end":{"line":80,"column":33},"skip":true},{"start":{"line":81,"column":20},"end":{"line":83,"column":30},"skip":true},{"start":{"line":84,"column":20},"end":{"line":85,"column":49},"skip":true}]},"10":{"line":89,"type":"switch","locations":[{"start":{"line":90,"column":12},"end":{"line":103,"column":22},"skip":true},{"start":{"line":105,"column":12},"end":{"line":106,"column":22},"skip":true}]},"11":{"line":89,"type":"binary-expr","locations":[{"start":{"line":89,"column":20},"end":{"line":89,"column":25},"skip":true},{"start":{"line":89,"column":29},"end":{"line":89,"column":48},"skip":true},{"start":{"line":89,"column":52},"end":{"line":89,"column":74},"skip":true}]},"12":{"line":92,"type":"if","locations":[{"start":{"line":92,"column":16},"end":{"line":92,"column":16},"skip":true},{"start":{"line":92,"column":16},"end":{"line":92,"column":16},"skip":true}]},"13":{"line":108,"type":"if","locations":[{"start":{"line":108,"column":12},"end":{"line":108,"column":12},"skip":true},{"start":{"line":108,"column":12},"end":{"line":108,"column":12},"skip":true}]},"14":{"line":108,"type":"binary-expr","locations":[{"start":{"line":108,"column":16},"end":{"line":108,"column":61},"skip":true},{"start":{"line":108,"column":66},"end":{"line":108,"column":72},"skip":true},{"start":{"line":108,"column":77},"end":{"line":108,"column":82},"skip":true},{"start":{"line":109,"column":20},"end":{"line":109,"column":39},"skip":true},{"start":{"line":110,"column":20},"end":{"line":110,"column":49},"skip":true},{"start":{"line":111,"column":20},"end":{"line":111,"column":58},"skip":true},{"start":{"line":112,"column":20},"end":{"line":112,"column":68},"skip":true}]},"15":{"line":129,"type":"if","locations":[{"start":{"line":129,"column":16},"end":{"line":129,"column":16},"skip":true},{"start":{"line":129,"column":16},"end":{"line":129,"column":16},"skip":true}]},"16":{"line":134,"type":"cond-expr","locations":[{"start":{"line":135,"column":26},"end":{"line":135,"column":29},"skip":true},{"start":{"line":136,"column":26},"end":{"line":136,"column":54},"skip":true}]},"17":{"line":164,"type":"binary-expr","locations":[{"start":{"line":164,"column":27},"end":{"line":164,"column":43},"skip":true},{"start":{"line":164,"column":47},"end":{"line":164,"column":49},"skip":true}]},"18":{"line":258,"type":"if","locations":[{"start":{"line":258,"column":8},"end":{"line":258,"column":8},"skip":true},{"start":{"line":258,"column":8},"end":{"line":258,"column":8},"skip":true}]},"19":{"line":275,"type":"switch","locations":[{"start":{"line":276,"column":20},"end":{"line":277,"column":64},"skip":true},{"start":{"line":278,"column":20},"end":{"line":279,"column":40},"skip":true},{"start":{"line":280,"column":20},"end":{"line":281,"column":40},"skip":true},{"start":{"line":282,"column":20},"end":{"line":283,"column":39},"skip":true}]},"20":{"line":288,"type":"if","locations":[{"start":{"line":288,"column":8},"end":{"line":288,"column":8},"skip":true},{"start":{"line":288,"column":8},"end":{"line":288,"column":8},"skip":true}]},"21":{"line":288,"type":"binary-expr","locations":[{"start":{"line":288,"column":12},"end":{"line":288,"column":40},"skip":true},{"start":{"line":288,"column":44},"end":{"line":288,"column":67},"skip":true}]},"22":{"line":292,"type":"binary-expr","locations":[{"start":{"line":292,"column":12},"end":{"line":292,"column":50},"skip":true},{"start":{"line":293,"column":12},"end":{"line":293,"column":53},"skip":true}]},"23":{"line":297,"type":"binary-expr","locations":[{"start":{"line":297,"column":12},"end":{"line":297,"column":68},"skip":true},{"start":{"line":298,"column":12},"end":{"line":301,"column":36},"skip":true}]},"24":{"line":303,"type":"binary-expr","locations":[{"start":{"line":303,"column":43},"end":{"line":303,"column":75},"skip":true},{"start":{"line":303,"column":79},"end":{"line":303,"column":81},"skip":true}]},"25":{"line":306,"type":"if","locations":[{"start":{"line":306,"column":8},"end":{"line":306,"column":8},"skip":true},{"start":{"line":306,"column":8},"end":{"line":306,"column":8},"skip":true}]},"26":{"line":310,"type":"if","locations":[{"start":{"line":310,"column":8},"end":{"line":310,"column":8},"skip":true},{"start":{"line":310,"column":8},"end":{"line":310,"column":8},"skip":true}]},"27":{"line":313,"type":"binary-expr","locations":[{"start":{"line":313,"column":27},"end":{"line":313,"column":43},"skip":true},{"start":{"line":313,"column":47},"end":{"line":313,"column":53},"skip":true}]},"28":{"line":317,"type":"if","locations":[{"start":{"line":317,"column":12},"end":{"line":317,"column":12},"skip":true},{"start":{"line":317,"column":12},"end":{"line":317,"column":12},"skip":true}]}},"code":["/*","example.js","","quickstart example","","instruction","    1. save this script as example.js","    2. run the shell command:","        $ npm install npmtest-decimal.js && PORT=8081 node example.js","    3. play with the browser-demo on http://127.0.0.1:8081","*/","","","","/* istanbul instrument in package npmtest_decimal_js */","/*jslint","    bitwise: true,","    browser: true,","    maxerr: 8,","    maxlen: 96,","    node: true,","    nomen: true,","    regexp: true,","    stupid: true","*/","(function () {","    'use strict';","    var local;","","","","    // run shared js-env code - pre-init","    (function () {","        // init local","        local = {};","        // init modeJs","        local.modeJs = (function () {","            try {","                return typeof navigator.userAgent === 'string' &&","                    typeof document.querySelector('body') === 'object' &&","                    typeof XMLHttpRequest.prototype.open === 'function' &&","                    'browser';","            } catch (errorCaughtBrowser) {","                return module.exports &&","                    typeof process.versions.node === 'string' &&","                    typeof require('http').createServer === 'function' &&","                    'node';","            }","        }());","        // init global","        local.global = local.modeJs === 'browser'","            ? window","            : global;","        // init utility2_rollup","        local = local.global.utility2_rollup || (local.modeJs === 'browser'","            ? local.global.utility2_npmtest_decimal_js","            : global.utility2_moduleExports);","        // export local","        local.global.local = local;","    }());","    switch (local.modeJs) {","","","","    // post-init","    // run browser js-env code - post-init","    /* istanbul ignore next */","    case 'browser':","        local.testRunBrowser = function (event) {","            if (!event || (event &&","                    event.currentTarget &&","                    event.currentTarget.className &&","                    event.currentTarget.className.includes &&","                    event.currentTarget.className.includes('onreset'))) {","                // reset output","                Array.from(","                    document.querySelectorAll('body > .resettable')","                ).forEach(function (element) {","                    switch (element.tagName) {","                    case 'INPUT':","                    case 'TEXTAREA':","                        element.value = '';","                        break;","                    default:","                        element.textContent = '';","                    }","                });","            }","            switch (event && event.currentTarget && event.currentTarget.id) {","            case 'testRunButton1':","                // show tests","                if (document.querySelector('#testReportDiv1').style.display === 'none') {","                    document.querySelector('#testReportDiv1').style.display = 'block';","                    document.querySelector('#testRunButton1').textContent =","                        'hide internal test';","                    local.modeTest = true;","                    local.testRunDefault(local);","                // hide tests","                } else {","                    document.querySelector('#testReportDiv1').style.display = 'none';","                    document.querySelector('#testRunButton1').textContent = 'run internal test';","                }","                break;","            // custom-case","            default:","                break;","            }","            if (document.querySelector('#inputTextareaEval1') && (!event || (event &&","                    event.currentTarget &&","                    event.currentTarget.className &&","                    event.currentTarget.className.includes &&","                    event.currentTarget.className.includes('oneval')))) {","                // try to eval input-code","                try {","                    /*jslint evil: true*/","                    eval(document.querySelector('#inputTextareaEval1').value);","                } catch (errorCaught) {","                    console.error(errorCaught);","                }","            }","        };","        // log stderr and stdout to #outputTextareaStdout1","        ['error', 'log'].forEach(function (key) {","            console[key + '_original'] = console[key];","            console[key] = function () {","                var element;","                console[key + '_original'].apply(console, arguments);","                element = document.querySelector('#outputTextareaStdout1');","                if (!element) {","                    return;","                }","                // append text to #outputTextareaStdout1","                element.value += Array.from(arguments).map(function (arg) {","                    return typeof arg === 'string'","                        ? arg","                        : JSON.stringify(arg, null, 4);","                }).join(' ') + '\\n';","                // scroll textarea to bottom","                element.scrollTop = element.scrollHeight;","            };","        });","        // init event-handling","        ['change', 'click', 'keyup'].forEach(function (event) {","            Array.from(document.querySelectorAll('.on' + event)).forEach(function (element) {","                element.addEventListener(event, local.testRunBrowser);","            });","        });","        // run tests","        local.testRunBrowser();","        break;","","","","    // run node js-env code - post-init","    /* istanbul ignore next */","    case 'node':","        // export local","        module.exports = local;","        // require modules","        local.fs = require('fs');","        local.http = require('http');","        local.url = require('url');","        // init assets","        local.assetsDict = local.assetsDict || {};","        /* jslint-ignore-begin */","        local.assetsDict['/assets.index.template.html'] = '\\","<!doctype html>\\n\\","<html lang=\"en\">\\n\\","<head>\\n\\","<meta charset=\"UTF-8\">\\n\\","<meta name=\"viewport\" content=\"width=device-width, initial-scale=1\">\\n\\","<title>{{env.npm_package_name}} (v{{env.npm_package_version}})</title>\\n\\","<style>\\n\\","/*csslint\\n\\","    box-sizing: false,\\n\\","    universal-selector: false\\n\\","*/\\n\\","* {\\n\\","    box-sizing: border-box;\\n\\","}\\n\\","body {\\n\\","    background: #dde;\\n\\","    font-family: Arial, Helvetica, sans-serif;\\n\\","    margin: 2rem;\\n\\","}\\n\\","body > * {\\n\\","    margin-bottom: 1rem;\\n\\","}\\n\\",".utility2FooterDiv {\\n\\","    margin-top: 20px;\\n\\","    text-align: center;\\n\\","}\\n\\","</style>\\n\\","<style>\\n\\","/*csslint\\n\\","*/\\n\\","textarea {\\n\\","    font-family: monospace;\\n\\","    height: 10rem;\\n\\","    width: 100%;\\n\\","}\\n\\","textarea[readonly] {\\n\\","    background: #ddd;\\n\\","}\\n\\","</style>\\n\\","</head>\\n\\","<body>\\n\\","<!-- utility2-comment\\n\\","<div id=\"ajaxProgressDiv1\" style=\"background: #d00; height: 2px; left: 0; margin: 0; padding: 0; position: fixed; top: 0; transition: background 0.5s, width 1.5s; width: 25%;\"></div>\\n\\","utility2-comment -->\\n\\","<h1>\\n\\","<!-- utility2-comment\\n\\","    <a\\n\\","        {{#if env.npm_package_homepage}}\\n\\","        href=\"{{env.npm_package_homepage}}\"\\n\\","        {{/if env.npm_package_homepage}}\\n\\","        target=\"_blank\"\\n\\","    >\\n\\","utility2-comment -->\\n\\","        {{env.npm_package_name}} (v{{env.npm_package_version}})\\n\\","<!-- utility2-comment\\n\\","    </a>\\n\\","utility2-comment -->\\n\\","</h1>\\n\\","<h3>{{env.npm_package_description}}</h3>\\n\\","<!-- utility2-comment\\n\\","<h4><a download href=\"assets.app.js\">download standalone app</a></h4>\\n\\","<button class=\"onclick onreset\" id=\"testRunButton1\">run internal test</button><br>\\n\\","<div id=\"testReportDiv1\" style=\"display: none;\"></div>\\n\\","utility2-comment -->\\n\\","\\n\\","\\n\\","\\n\\","<label>stderr and stdout</label>\\n\\","<textarea class=\"resettable\" id=\"outputTextareaStdout1\" readonly></textarea>\\n\\","<!-- utility2-comment\\n\\","{{#if isRollup}}\\n\\","<script src=\"assets.app.js\"></script>\\n\\","{{#unless isRollup}}\\n\\","utility2-comment -->\\n\\","<script src=\"assets.utility2.rollup.js\"></script>\\n\\","<script src=\"jsonp.utility2._stateInit?callback=window.utility2._stateInit\"></script>\\n\\","<script src=\"assets.npmtest_decimal_js.rollup.js\"></script>\\n\\","<script src=\"assets.example.js\"></script>\\n\\","<script src=\"assets.test.js\"></script>\\n\\","<!-- utility2-comment\\n\\","{{/if isRollup}}\\n\\","utility2-comment -->\\n\\","<div class=\"utility2FooterDiv\">\\n\\","    [ this app was created with\\n\\","    <a href=\"https://github.com/kaizhu256/node-utility2\" target=\"_blank\">utility2</a>\\n\\","    ]\\n\\","</div>\\n\\","</body>\\n\\","</html>\\n\\","';","        /* jslint-ignore-end */","        if (local.templateRender) {","            local.assetsDict['/'] = local.templateRender(","                local.assetsDict['/assets.index.template.html'],","                {","                    env: local.objectSetDefault(local.env, {","                        npm_package_description: 'the greatest app in the world!',","                        npm_package_name: 'my-app',","                        npm_package_nameAlias: 'my_app',","                        npm_package_version: '0.0.1'","                    })","                }","            );","        } else {","            local.assetsDict['/'] = local.assetsDict['/assets.index.template.html']","                .replace((/\\{\\{env\\.(\\w+?)\\}\\}/g), function (match0, match1) {","                    // jslint-hack","                    String(match0);","                    switch (match1) {","                    case 'npm_package_description':","                        return 'the greatest app in the world!';","                    case 'npm_package_name':","                        return 'my-app';","                    case 'npm_package_nameAlias':","                        return 'my_app';","                    case 'npm_package_version':","                        return '0.0.1';","                    }","                });","        }","        // run the cli","        if (local.global.utility2_rollup || module !== require.main) {","            break;","        }","        local.assetsDict['/assets.example.js'] =","            local.assetsDict['/assets.example.js'] ||","            local.fs.readFileSync(__filename, 'utf8');","        // bug-workaround - long $npm_package_buildCustomOrg","        /* jslint-ignore-begin */","        local.assetsDict['/assets.npmtest_decimal_js.rollup.js'] =","            local.assetsDict['/assets.npmtest_decimal_js.rollup.js'] ||","            local.fs.readFileSync(","                local.npmtest_decimal_js.__dirname + '/lib.npmtest_decimal_js.js',","                'utf8'","            ).replace((/^#!/), '//');","        /* jslint-ignore-end */","        local.assetsDict['/favicon.ico'] = local.assetsDict['/favicon.ico'] || '';","        // if $npm_config_timeout_exit exists,","        // then exit this process after $npm_config_timeout_exit ms","        if (Number(process.env.npm_config_timeout_exit)) {","            setTimeout(process.exit, Number(process.env.npm_config_timeout_exit));","        }","        // start server","        if (local.global.utility2_serverHttp1) {","            break;","        }","        process.env.PORT = process.env.PORT || '8081';","        console.error('server starting on port ' + process.env.PORT);","        local.http.createServer(function (request, response) {","            request.urlParsed = local.url.parse(request.url);","            if (local.assetsDict[request.urlParsed.pathname] !== undefined) {","                response.end(local.assetsDict[request.urlParsed.pathname]);","                return;","            }","            response.statusCode = 404;","            response.end();","        }).listen(process.env.PORT);","        break;","    }","}());",""],"l":{"26":2,"28":2,"33":2,"35":2,"37":2,"38":2,"39":2,"44":1,"51":2,"55":2,"59":2,"61":2,"69":1,"70":2,"76":2,"79":2,"82":2,"83":2,"85":1,"89":2,"92":1,"93":1,"94":1,"96":1,"97":1,"100":1,"101":1,"103":1,"106":1,"108":2,"114":1,"116":1,"118":1,"123":1,"124":2,"125":2,"126":3,"127":3,"128":3,"129":3,"130":1,"133":3,"134":3,"139":3,"143":1,"144":3,"145":1,"149":1,"150":1,"158":1,"160":1,"161":1,"162":1,"164":1,"166":1,"258":1,"259":1,"271":1,"274":6,"275":6,"277":1,"279":2,"281":1,"283":2,"288":1,"289":1,"291":1,"296":1,"303":1,"306":1,"307":1,"310":1,"311":1,"313":1,"314":1,"315":1,"316":1,"317":1,"318":1,"319":1,"321":1,"322":1,"324":1}},"/home/travis/build/npmtest/node-npmtest-decimal.js/node_modules/decimal.js/decimal.js":{"path":"/home/travis/build/npmtest/node-npmtest-decimal.js/node_modules/decimal.js/decimal.js","s":{"1":1,"2":1,"3":1,"4":0,"5":0,"6":0,"7":0,"8":1,"9":0,"10":1,"11":0,"12":0,"13":0,"14":0,"15":0,"16":0,"17":0,"18":0,"19":0,"20":0,"21":0,"22":0,"23":0,"24":0,"25":0,"26":1,"27":0,"28":0,"29":0,"30":0,"31":0,"32":0,"33":0,"34":0,"35":0,"36":0,"37":0,"38":0,"39":0,"40":1,"41":0,"42":0,"43":0,"44":0,"45":0,"46":0,"47":0,"48":0,"49":0,"50":0,"51":0,"52":0,"53":0,"54":0,"55":0,"56":0,"57":0,"58":0,"59":0,"60":0,"61":0,"62":0,"63":0,"64":0,"65":0,"66":0,"67":0,"68":0,"69":0,"70":0,"71":0,"72":0,"73":0,"74":0,"75":0,"76":0,"77":0,"78":0,"79":0,"80":0,"81":0,"82":1,"83":0,"84":0,"85":0,"86":0,"87":0,"88":0,"89":0,"90":0,"91":0,"92":0,"93":0,"94":1,"95":0,"96":1,"97":0,"98":0,"99":1,"100":0,"101":1,"102":0,"103":1,"104":0,"105":1,"106":0,"107":0,"108":1,"109":0,"110":0,"111":0,"112":0,"113":0,"114":0,"115":0,"116":0,"117":0,"118":0,"119":0,"120":0,"121":0,"122":0,"123":0,"124":0,"125":0,"126":0,"127":0,"128":0,"129":0,"130":1,"131":0,"132":0,"133":0,"134":0,"135":0,"136":0,"137":0,"138":0,"139":0,"140":0,"141":0,"142":0,"143":0,"144":0,"145":0,"146":0,"147":0,"148":0,"149":0,"150":0,"151":0,"152":1,"153":0,"154":0,"155":0,"156":0,"157":0,"158":0,"159":0,"160":0,"161":0,"162":0,"163":1,"164":0,"165":0,"166":0,"167":0,"168":0,"169":0,"170":0,"171":0,"172":0,"173":0,"174":0,"175":0,"176":1,"177":0,"178":0,"179":0,"180":0,"181":0,"182":0,"183":0,"184":0,"185":0,"186":0,"187":0,"188":0,"189":0,"190":0,"191":0,"192":1,"193":0,"194":0,"195":0,"196":0,"197":0,"198":0,"199":0,"200":0,"201":0,"202":0,"203":0,"204":0,"205":0,"206":1,"207":0,"208":0,"209":0,"210":0,"211":0,"212":0,"213":0,"214":0,"215":0,"216":0,"217":0,"218":0,"219":0,"220":0,"221":0,"222":0,"223":0,"224":0,"225":1,"226":0,"227":0,"228":0,"229":0,"230":0,"231":0,"232":0,"233":0,"234":0,"235":0,"236":0,"237":0,"238":0,"239":0,"240":0,"241":0,"242":0,"243":0,"244":1,"245":0,"246":0,"247":0,"248":0,"249":0,"250":0,"251":0,"252":0,"253":0,"254":0,"255":0,"256":0,"257":0,"258":0,"259":0,"260":0,"261":0,"262":0,"263":0,"264":0,"265":0,"266":0,"267":0,"268":0,"269":0,"270":0,"271":0,"272":0,"273":0,"274":0,"275":0,"276":0,"277":0,"278":0,"279":0,"280":0,"281":1,"282":0,"283":1,"284":0,"285":1,"286":0,"287":1,"288":0,"289":1,"290":0,"291":1,"292":0,"293":1,"294":0,"295":1,"296":0,"297":1,"298":0,"299":0,"300":0,"301":0,"302":0,"303":0,"304":0,"305":0,"306":0,"307":0,"308":0,"309":0,"310":0,"311":0,"312":0,"313":0,"314":0,"315":0,"316":0,"317":0,"318":0,"319":0,"320":0,"321":0,"322":0,"323":0,"324":0,"325":0,"326":0,"327":0,"328":0,"329":0,"330":0,"331":0,"332":0,"333":1,"334":0,"335":0,"336":0,"337":0,"338":0,"339":0,"340":0,"341":0,"342":0,"343":0,"344":0,"345":0,"346":0,"347":0,"348":0,"349":0,"350":0,"351":0,"352":0,"353":0,"354":0,"355":0,"356":0,"357":0,"358":0,"359":0,"360":0,"361":0,"362":0,"363":0,"364":0,"365":0,"366":0,"367":0,"368":0,"369":0,"370":0,"371":0,"372":0,"373":0,"374":0,"375":0,"376":0,"377":0,"378":0,"379":0,"380":0,"381":0,"382":0,"383":0,"384":0,"385":0,"386":0,"387":0,"388":0,"389":0,"390":0,"391":0,"392":0,"393":0,"394":0,"395":0,"396":0,"397":0,"398":0,"399":0,"400":0,"401":0,"402":0,"403":0,"404":0,"405":0,"406":0,"407":0,"408":0,"409":0,"410":0,"411":0,"412":1,"413":0,"414":0,"415":0,"416":0,"417":0,"418":0,"419":0,"420":0,"421":0,"422":0,"423":0,"424":0,"425":0,"426":0,"427":1,"428":0,"429":1,"430":0,"431":1,"432":0,"433":0,"434":0,"435":1,"436":0,"437":0,"438":0,"439":0,"440":0,"441":0,"442":0,"443":0,"444":0,"445":0,"446":0,"447":0,"448":0,"449":0,"450":0,"451":0,"452":0,"453":0,"454":0,"455":0,"456":0,"457":0,"458":0,"459":0,"460":0,"461":0,"462":0,"463":0,"464":0,"465":0,"466":0,"467":0,"468":0,"469":0,"470":0,"471":0,"472":0,"473":0,"474":0,"475":0,"476":0,"477":0,"478":0,"479":0,"480":0,"481":0,"482":0,"483":0,"484":0,"485":0,"486":0,"487":0,"488":0,"489":0,"490":0,"491":0,"492":0,"493":0,"494":1,"495":0,"496":0,"497":0,"498":0,"499":0,"500":0,"501":0,"502":0,"503":0,"504":1,"505":0,"506":0,"507":1,"508":0,"509":0,"510":0,"511":0,"512":0,"513":0,"514":0,"515":0,"516":0,"517":0,"518":0,"519":0,"520":0,"521":1,"522":0,"523":0,"524":0,"525":0,"526":0,"527":0,"528":0,"529":0,"530":0,"531":0,"532":0,"533":0,"534":0,"535":0,"536":0,"537":0,"538":0,"539":0,"540":0,"541":0,"542":0,"543":0,"544":0,"545":0,"546":0,"547":0,"548":0,"549":0,"550":0,"551":0,"552":0,"553":0,"554":0,"555":0,"556":0,"557":0,"558":0,"559":1,"560":0,"561":0,"562":0,"563":0,"564":0,"565":0,"566":0,"567":0,"568":0,"569":0,"570":0,"571":0,"572":0,"573":0,"574":0,"575":1,"576":0,"577":0,"578":0,"579":0,"580":0,"581":0,"582":0,"583":0,"584":0,"585":0,"586":0,"587":0,"588":0,"589":0,"590":0,"591":0,"592":0,"593":0,"594":0,"595":0,"596":0,"597":0,"598":0,"599":0,"600":0,"601":0,"602":0,"603":0,"604":0,"605":0,"606":0,"607":0,"608":0,"609":1,"610":0,"611":1,"612":0,"613":0,"614":0,"615":0,"616":0,"617":0,"618":0,"619":0,"620":0,"621":1,"622":0,"623":0,"624":0,"625":0,"626":0,"627":0,"628":0,"629":0,"630":0,"631":0,"632":1,"633":0,"634":0,"635":0,"636":0,"637":0,"638":0,"639":0,"640":0,"641":0,"642":0,"643":1,"644":0,"645":0,"646":0,"647":0,"648":0,"649":0,"650":0,"651":0,"652":0,"653":0,"654":0,"655":0,"656":0,"657":0,"658":0,"659":0,"660":0,"661":0,"662":0,"663":0,"664":0,"665":0,"666":0,"667":0,"668":0,"669":0,"670":0,"671":0,"672":0,"673":0,"674":0,"675":0,"676":0,"677":0,"678":0,"679":0,"680":0,"681":0,"682":0,"683":0,"684":1,"685":0,"686":1,"687":0,"688":0,"689":0,"690":0,"691":0,"692":0,"693":0,"694":0,"695":0,"696":0,"697":0,"698":0,"699":0,"700":0,"701":0,"702":0,"703":0,"704":0,"705":0,"706":0,"707":0,"708":0,"709":0,"710":0,"711":0,"712":0,"713":1,"714":0,"715":1,"716":0,"717":1,"718":0,"719":0,"720":0,"721":0,"722":0,"723":0,"724":0,"725":0,"726":0,"727":0,"728":0,"729":0,"730":0,"731":0,"732":0,"733":0,"734":0,"735":0,"736":0,"737":0,"738":0,"739":0,"740":0,"741":0,"742":0,"743":0,"744":0,"745":0,"746":0,"747":0,"748":0,"749":0,"750":0,"751":0,"752":0,"753":0,"754":0,"755":0,"756":0,"757":1,"758":0,"759":0,"760":0,"761":0,"762":0,"763":0,"764":0,"765":0,"766":0,"767":0,"768":1,"769":0,"770":0,"771":0,"772":0,"773":0,"774":0,"775":0,"776":0,"777":0,"778":1,"779":0,"780":0,"781":1,"782":0,"783":1,"784":0,"785":0,"786":1,"787":0,"788":0,"789":0,"790":0,"791":0,"792":0,"793":0,"794":0,"795":0,"796":0,"797":0,"798":0,"799":0,"800":0,"801":0,"802":0,"803":0,"804":0,"805":0,"806":1,"807":0,"808":0,"809":1,"810":0,"811":0,"812":0,"813":0,"814":0,"815":0,"816":0,"817":0,"818":0,"819":0,"820":0,"821":0,"822":0,"823":0,"824":0,"825":0,"826":0,"827":0,"828":0,"829":0,"830":0,"831":0,"832":0,"833":0,"834":0,"835":0,"836":0,"837":0,"838":1,"839":0,"840":0,"841":0,"842":0,"843":0,"844":0,"845":0,"846":0,"847":0,"848":0,"849":0,"850":0,"851":1,"852":0,"853":0,"854":0,"855":0,"856":0,"857":0,"858":0,"859":0,"860":0,"861":0,"862":0,"863":0,"864":0,"865":1,"866":1,"867":0,"868":0,"869":0,"870":0,"871":0,"872":0,"873":0,"874":0,"875":1,"876":0,"877":0,"878":0,"879":0,"880":0,"881":0,"882":0,"883":0,"884":1,"885":0,"886":0,"887":0,"888":0,"889":0,"890":0,"891":0,"892":1,"893":0,"894":0,"895":0,"896":0,"897":0,"898":0,"899":0,"900":0,"901":0,"902":0,"903":0,"904":0,"905":0,"906":0,"907":0,"908":0,"909":0,"910":0,"911":0,"912":0,"913":0,"914":0,"915":0,"916":0,"917":0,"918":0,"919":0,"920":0,"921":0,"922":0,"923":0,"924":0,"925":0,"926":0,"927":0,"928":0,"929":0,"930":0,"931":0,"932":0,"933":0,"934":0,"935":0,"936":0,"937":0,"938":0,"939":0,"940":0,"941":0,"942":0,"943":0,"944":0,"945":0,"946":0,"947":0,"948":0,"949":0,"950":0,"951":0,"952":0,"953":0,"954":0,"955":0,"956":0,"957":0,"958":0,"959":0,"960":0,"961":0,"962":0,"963":0,"964":0,"965":0,"966":0,"967":0,"968":0,"969":0,"970":0,"971":0,"972":0,"973":0,"974":0,"975":0,"976":0,"977":0,"978":0,"979":0,"980":0,"981":0,"982":0,"983":0,"984":0,"985":0,"986":0,"987":0,"988":0,"989":0,"990":0,"991":0,"992":0,"993":0,"994":0,"995":0,"996":1,"997":0,"998":0,"999":0,"1000":0,"1001":0,"1002":0,"1003":0,"1004":0,"1005":0,"1006":0,"1007":0,"1008":0,"1009":0,"1010":0,"1011":0,"1012":0,"1013":0,"1014":0,"1015":0,"1016":0,"1017":0,"1018":0,"1019":0,"1020":0,"1021":0,"1022":0,"1023":0,"1024":0,"1025":0,"1026":0,"1027":0,"1028":0,"1029":0,"1030":0,"1031":0,"1032":0,"1033":0,"1034":0,"1035":0,"1036":0,"1037":0,"1038":0,"1039":0,"1040":0,"1041":0,"1042":0,"1043":0,"1044":0,"1045":0,"1046":0,"1047":0,"1048":0,"1049":0,"1050":0,"1051":0,"1052":0,"1053":0,"1054":0,"1055":0,"1056":0,"1057":0,"1058":0,"1059":0,"1060":0,"1061":0,"1062":0,"1063":0,"1064":0,"1065":0,"1066":0,"1067":0,"1068":0,"1069":0,"1070":0,"1071":0,"1072":0,"1073":1,"1074":0,"1075":0,"1076":0,"1077":0,"1078":0,"1079":0,"1080":0,"1081":0,"1082":0,"1083":0,"1084":0,"1085":0,"1086":0,"1087":0,"1088":0,"1089":0,"1090":0,"1091":0,"1092":0,"1093":0,"1094":0,"1095":0,"1096":0,"1097":0,"1098":1,"1099":0,"1100":0,"1101":0,"1102":0,"1103":1,"1104":0,"1105":0,"1106":0,"1107":0,"1108":0,"1109":0,"1110":1,"1111":0,"1112":0,"1113":0,"1114":1,"1115":0,"1116":0,"1117":0,"1118":0,"1119":0,"1120":0,"1121":0,"1122":0,"1123":1,"1124":0,"1125":0,"1126":0,"1127":0,"1128":1,"1129":0,"1130":0,"1131":0,"1132":0,"1133":0,"1134":0,"1135":0,"1136":0,"1137":0,"1138":0,"1139":0,"1140":0,"1141":0,"1142":0,"1143":0,"1144":0,"1145":0,"1146":1,"1147":0,"1148":1,"1149":0,"1150":0,"1151":0,"1152":0,"1153":0,"1154":0,"1155":0,"1156":0,"1157":0,"1158":1,"1159":0,"1160":0,"1161":0,"1162":0,"1163":0,"1164":0,"1165":0,"1166":0,"1167":0,"1168":0,"1169":0,"1170":0,"1171":0,"1172":0,"1173":0,"1174":0,"1175":0,"1176":0,"1177":0,"1178":0,"1179":0,"1180":0,"1181":0,"1182":0,"1183":0,"1184":0,"1185":0,"1186":0,"1187":0,"1188":0,"1189":0,"1190":0,"1191":0,"1192":1,"1193":0,"1194":0,"1195":0,"1196":0,"1197":0,"1198":0,"1199":0,"1200":0,"1201":0,"1202":0,"1203":0,"1204":0,"1205":0,"1206":0,"1207":0,"1208":0,"1209":0,"1210":0,"1211":0,"1212":0,"1213":0,"1214":0,"1215":0,"1216":0,"1217":0,"1218":0,"1219":0,"1220":0,"1221":0,"1222":0,"1223":0,"1224":0,"1225":0,"1226":0,"1227":0,"1228":0,"1229":0,"1230":0,"1231":0,"1232":0,"1233":0,"1234":0,"1235":0,"1236":0,"1237":0,"1238":0,"1239":0,"1240":0,"1241":1,"1242":0,"1243":1,"1244":2,"1245":2,"1246":2,"1247":2,"1248":0,"1249":0,"1250":0,"1251":0,"1252":2,"1253":0,"1254":2,"1255":2,"1256":2,"1257":2,"1258":2,"1259":2,"1260":2,"1261":2,"1262":2,"1263":0,"1264":2,"1265":2,"1266":2,"1267":2,"1268":292,"1269":2,"1270":2,"1271":0,"1272":2,"1273":10,"1274":2,"1275":2,"1276":2,"1277":0,"1278":0,"1279":2,"1280":0,"1281":0,"1282":0,"1283":0,"1284":2,"1285":1,"1286":0,"1287":0,"1288":0,"1289":0,"1290":0,"1291":0,"1292":0,"1293":0,"1294":0,"1295":0,"1296":0,"1297":0,"1298":0,"1299":0,"1300":0,"1301":0,"1302":0,"1303":0,"1304":0,"1305":0,"1306":0,"1307":0,"1308":0,"1309":0,"1310":0,"1311":0,"1312":0,"1313":0,"1314":0,"1315":0,"1316":0,"1317":0,"1318":0,"1319":0,"1320":0,"1321":0,"1322":0,"1323":0,"1324":0,"1325":0,"1326":0,"1327":0,"1328":0,"1329":1,"1330":0,"1331":0,"1332":0,"1333":0,"1334":0,"1335":0,"1336":0,"1337":0,"1338":0,"1339":0,"1340":0,"1341":0,"1342":1,"1343":0,"1344":0,"1345":0,"1346":0,"1347":0,"1348":0,"1349":0,"1350":0,"1351":0,"1352":0,"1353":0,"1354":0,"1355":0,"1356":0,"1357":0,"1358":0,"1359":0,"1360":0,"1361":0,"1362":0,"1363":0,"1364":1,"1365":0,"1366":0,"1367":0,"1368":0,"1369":0,"1370":0,"1371":0,"1372":0,"1373":0,"1374":0,"1375":0,"1376":0,"1377":0,"1378":0,"1379":1,"1380":0,"1381":0,"1382":0,"1383":0,"1384":0,"1385":0,"1386":0,"1387":0,"1388":0,"1389":0,"1390":0,"1391":0,"1392":0,"1393":0,"1394":0,"1395":0,"1396":0,"1397":0,"1398":0,"1399":0,"1400":0,"1401":0,"1402":0,"1403":0,"1404":0,"1405":0,"1406":0,"1407":0,"1408":0,"1409":0,"1410":0,"1411":0,"1412":0,"1413":0,"1414":0,"1415":0,"1416":0,"1417":0,"1418":0,"1419":0,"1420":0,"1421":0,"1422":0,"1423":0,"1424":0,"1425":0,"1426":0,"1427":0,"1428":0,"1429":0,"1430":0,"1431":0,"1432":0,"1433":0,"1434":0,"1435":0,"1436":0,"1437":0,"1438":0,"1439":0,"1440":0,"1441":0,"1442":0,"1443":0,"1444":0,"1445":0,"1446":0,"1447":0,"1448":0,"1449":0,"1450":0,"1451":0,"1452":0,"1453":0,"1454":0,"1455":0,"1456":0,"1457":1,"1458":0,"1459":0,"1460":0,"1461":1,"1462":0,"1463":1,"1464":0,"1465":1,"1466":0,"1467":1,"1468":0,"1469":1,"1470":0,"1471":1,"1472":0,"1473":1,"1474":0,"1475":1,"1476":0,"1477":1,"1478":0,"1479":0,"1480":0,"1481":0,"1482":0,"1483":0,"1484":0,"1485":0,"1486":0,"1487":0,"1488":0,"1489":0,"1490":0,"1491":0,"1492":0,"1493":0,"1494":0,"1495":0,"1496":0,"1497":0,"1498":0,"1499":0,"1500":0,"1501":0,"1502":1,"1503":0,"1504":1,"1505":0,"1506":1,"1507":1,"1508":0,"1509":1,"1510":1,"1511":7,"1512":7,"1513":7,"1514":0,"1515":1,"1516":1,"1517":1,"1518":0,"1519":0,"1520":0,"1521":1,"1522":0,"1523":1,"1524":1,"1525":0,"1526":1,"1527":0,"1528":1,"1529":1,"1530":1,"1531":2,"1532":2,"1533":0,"1534":2,"1535":2,"1536":0,"1537":0,"1538":0,"1539":0,"1540":2,"1541":2,"1542":0,"1543":0,"1544":0,"1545":0,"1546":0,"1547":0,"1548":0,"1549":0,"1550":0,"1551":0,"1552":0,"1553":0,"1554":0,"1555":0,"1556":0,"1557":0,"1558":0,"1559":0,"1560":0,"1561":0,"1562":0,"1563":0,"1564":2,"1565":0,"1566":2,"1567":0,"1568":0,"1569":2,"1570":2,"1571":1,"1572":1,"1573":1,"1574":1,"1575":1,"1576":1,"1577":1,"1578":1,"1579":1,"1580":1,"1581":1,"1582":1,"1583":1,"1584":1,"1585":1,"1586":1,"1587":1,"1588":1,"1589":1,"1590":1,"1591":1,"1592":1,"1593":1,"1594":1,"1595":1,"1596":1,"1597":1,"1598":1,"1599":1,"1600":1,"1601":1,"1602":1,"1603":1,"1604":1,"1605":1,"1606":1,"1607":1,"1608":1,"1609":1,"1610":1,"1611":1,"1612":1,"1613":1,"1614":1,"1615":1,"1616":1,"1617":1,"1618":1,"1619":1,"1620":1,"1621":0,"1622":1,"1623":1,"1624":1,"1625":8,"1626":0,"1627":1,"1628":1,"1629":1,"1630":0,"1631":1,"1632":0,"1633":1,"1634":0,"1635":1,"1636":0,"1637":0,"1638":0,"1639":0,"1640":0,"1641":0,"1642":0,"1643":0,"1644":0,"1645":0,"1646":0,"1647":0,"1648":0,"1649":1,"1650":0,"1651":1,"1652":0,"1653":1,"1654":0,"1655":1,"1656":0,"1657":1,"1658":0,"1659":1,"1660":0,"1661":1,"1662":0,"1663":1,"1664":0,"1665":1,"1666":0,"1667":1,"1668":0,"1669":0,"1670":0,"1671":0,"1672":0,"1673":0,"1674":0,"1675":0,"1676":0,"1677":0,"1678":0,"1679":0,"1680":0,"1681":0,"1682":0,"1683":0,"1684":0,"1685":0,"1686":0,"1687":0,"1688":0,"1689":0,"1690":0,"1691":0,"1692":0,"1693":0,"1694":0,"1695":0,"1696":0,"1697":0,"1698":0,"1699":0,"1700":0,"1701":0,"1702":0,"1703":0,"1704":0,"1705":0,"1706":0,"1707":0,"1708":0,"1709":0,"1710":0,"1711":0,"1712":0,"1713":1,"1714":0,"1715":1,"1716":0,"1717":0,"1718":1,"1719":0,"1720":1,"1721":0,"1722":1,"1723":0,"1724":1,"1725":0,"1726":1,"1727":0,"1728":1,"1729":0,"1730":1,"1731":0,"1732":1,"1733":1,"1734":1,"1735":1,"1736":0,"1737":0,"1738":1,"1739":1,"1740":0,"1741":0,"1742":0,"1743":0,"1744":0,"1745":0,"1746":0},"b":{"1":[0,0],"2":[0,0],"3":[0,0],"4":[0,0],"5":[0,0],"6":[0,0],"7":[0,0],"8":[0,0],"9":[0,0],"10":[0,0],"11":[0,0],"12":[0,0],"13":[0,0],"14":[0,0],"15":[0,0],"16":[0,0],"17":[0,0],"18":[0,0],"19":[0,0],"20":[0,0],"21":[0,0],"22":[0,0],"23":[0,0],"24":[0,0],"25":[0,0],"26":[0,0],"27":[0,0],"28":[0,0],"29":[0,0],"30":[0,0],"31":[0,0],"32":[0,0],"33":[0,0],"34":[0,0],"35":[0,0,0],"36":[0,0],"37":[0,0],"38":[0,0],"39":[0,0,0],"40":[0,0],"41":[0,0],"42":[0,0],"43":[0,0],"44":[0,0],"45":[0,0],"46":[0,0],"47":[0,0],"48":[0,0],"49":[0,0],"50":[0,0],"51":[0,0],"52":[0,0],"53":[0,0],"54":[0,0],"55":[0,0],"56":[0,0],"57":[0,0],"58":[0,0],"59":[0,0],"60":[0,0],"61":[0,0],"62":[0,0],"63":[0,0],"64":[0,0],"65":[0,0],"66":[0,0],"67":[0,0],"68":[0,0],"69":[0,0],"70":[0,0],"71":[0,0],"72":[0,0],"73":[0,0],"74":[0,0],"75":[0,0],"76":[0,0],"77":[0,0],"78":[0,0],"79":[0,0],"80":[0,0],"81":[0,0],"82":[0,0],"83":[0,0],"84":[0,0,0,0],"85":[0,0],"86":[0,0,0,0],"87":[0,0],"88":[0,0],"89":[0,0],"90":[0,0],"91":[0,0],"92":[0,0],"93":[0,0],"94":[0,0],"95":[0,0],"96":[0,0],"97":[0,0],"98":[0,0],"99":[0,0],"100":[0,0],"101":[0,0],"102":[0,0],"103":[0,0],"104":[0,0],"105":[0,0],"106":[0,0],"107":[0,0],"108":[0,0],"109":[0,0],"110":[0,0],"111":[0,0],"112":[0,0],"113":[0,0],"114":[0,0],"115":[0,0],"116":[0,0],"117":[0,0],"118":[0,0],"119":[0,0],"120":[0,0],"121":[0,0],"122":[0,0],"123":[0,0],"124":[0,0,0,0],"125":[0,0],"126":[0,0,0],"127":[0,0],"128":[0,0],"129":[0,0],"130":[0,0],"131":[0,0],"132":[0,0],"133":[0,0],"134":[0,0],"135":[0,0],"136":[0,0],"137":[0,0],"138":[0,0],"139":[0,0],"140":[0,0],"141":[0,0],"142":[0,0],"143":[0,0],"144":[0,0],"145":[0,0],"146":[0,0],"147":[0,0],"148":[0,0,0,0],"149":[0,0],"150":[0,0],"151":[0,0],"152":[0,0],"153":[0,0],"154":[0,0],"155":[0,0],"156":[0,0,0],"157":[0,0],"158":[0,0,0,0],"159":[0,0],"160":[0,0],"161":[0,0],"162":[0,0],"163":[0,0],"164":[0,0],"165":[0,0],"166":[0,0],"167":[0,0,0],"168":[0,0],"169":[0,0],"170":[0,0],"171":[0,0,0],"172":[0,0],"173":[0,0],"174":[0,0],"175":[0,0],"176":[0,0],"177":[0,0,0,0],"178":[0,0],"179":[0,0,0,0,0,0,0],"180":[0,0],"181":[0,0],"182":[0,0],"183":[0,0],"184":[0,0],"185":[0,0],"186":[0,0],"187":[0,0],"188":[0,0],"189":[0,0],"190":[0,0],"191":[0,0],"192":[0,0],"193":[0,0],"194":[0,0],"195":[0,0],"196":[0,0],"197":[0,0],"198":[0,0],"199":[0,0],"200":[0,0],"201":[0,0],"202":[0,0],"203":[0,0],"204":[0,0],"205":[0,0],"206":[0,0],"207":[0,0],"208":[0,0],"209":[0,0],"210":[0,0],"211":[0,0],"212":[0,0],"213":[0,0],"214":[0,0],"215":[0,0,0,0],"216":[0,0],"217":[0,0],"218":[0,0],"219":[0,0],"220":[0,0],"221":[0,0],"222":[0,0],"223":[0,0],"224":[0,0],"225":[0,0],"226":[0,0],"227":[0,0],"228":[0,0],"229":[0,0],"230":[0,0],"231":[0,0],"232":[0,0],"233":[0,0],"234":[0,0],"235":[0,0],"236":[0,0],"237":[0,0],"238":[0,0],"239":[0,0],"240":[0,0],"241":[0,0],"242":[0,0],"243":[0,0],"244":[0,0],"245":[0,0],"246":[0,0],"247":[0,0],"248":[0,0],"249":[0,0],"250":[0,0,0],"251":[0,0],"252":[0,0],"253":[0,0],"254":[0,0],"255":[0,0],"256":[0,0,0,0,0,0],"257":[0,0,0,0,0,0,0,0],"258":[0,0],"259":[0,0],"260":[0,0],"261":[0,0],"262":[0,0,0,0,0,0],"263":[0,0,0,0,0,0,0],"264":[0,0],"265":[0,0],"266":[0,0],"267":[0,0],"268":[0,0],"269":[0,0],"270":[0,0],"271":[0,0],"272":[0,0],"273":[0,0],"274":[0,0],"275":[0,0],"276":[0,0,0,0],"277":[0,0],"278":[0,0,0],"279":[0,0],"280":[0,0],"281":[0,0],"282":[0,0,0],"283":[0,0],"284":[0,0],"285":[0,0],"286":[0,0],"287":[0,0],"288":[0,0],"289":[0,0],"290":[0,0],"291":[0,0,0],"292":[0,0],"293":[0,0],"294":[0,0],"295":[0,0],"296":[0,0],"297":[0,0],"298":[0,0],"299":[0,0],"300":[0,0],"301":[0,0],"302":[0,0],"303":[0,0],"304":[0,0],"305":[0,0],"306":[0,0],"307":[0,0],"308":[0,0],"309":[0,0],"310":[0,0],"311":[0,0],"312":[0,0,0],"313":[0,0],"314":[0,0],"315":[0,0],"316":[0,0],"317":[0,0],"318":[0,0],"319":[0,0],"320":[0,0],"321":[0,0],"322":[0,0,0,0],"323":[0,0],"324":[0,0],"325":[0,0,0,0],"326":[0,0],"327":[0,0,0,0,0,0,0],"328":[0,0],"329":[0,0],"330":[0,0],"331":[0,0],"332":[0,0],"333":[0,0],"334":[0,0],"335":[0,0],"336":[0,0],"337":[0,0],"338":[0,0],"339":[0,0],"340":[0,0],"341":[0,0],"342":[0,0],"343":[0,0],"344":[0,0],"345":[0,0],"346":[0,0],"347":[0,0],"348":[0,0],"349":[0,0],"350":[0,0],"351":[0,0],"352":[0,0],"353":[0,0],"354":[0,0],"355":[0,0],"356":[0,0],"357":[0,0],"358":[0,0],"359":[0,0],"360":[0,0],"361":[0,0],"362":[0,0],"363":[0,0],"364":[0,0],"365":[0,0],"366":[0,0],"367":[0,0],"368":[0,0],"369":[0,0],"370":[0,0],"371":[0,0],"372":[0,0],"373":[0,0,0],"374":[0,0],"375":[0,0],"376":[0,0],"377":[0,0],"378":[0,0],"379":[0,0],"380":[0,0],"381":[0,0],"382":[0,0],"383":[0,0],"384":[0,0],"385":[0,0,0,0,0,0],"386":[0,0],"387":[0,0],"388":[0,0],"389":[0,0],"390":[0,0],"391":[0,0],"392":[0,0,0,0],"393":[0,0],"394":[0,0],"395":[0,0],"396":[0,0],"397":[0,0],"398":[0,0],"399":[2,0],"400":[0,2],"401":[0,0],"402":[0,2],"403":[2,0],"404":[0,2],"405":[2,0],"406":[2,0],"407":[2,0],"408":[0,2],"409":[0,2],"410":[0,0],"411":[0,0],"412":[0,0],"413":[0,0],"414":[0,0],"415":[0,0],"416":[0,0],"417":[0,0],"418":[0,0],"419":[0,0],"420":[0,0],"421":[0,0],"422":[0,0],"423":[0,0],"424":[0,0],"425":[0,0],"426":[0,0],"427":[0,0],"428":[0,0],"429":[0,0],"430":[0,0],"431":[0,0],"432":[0,0],"433":[0,0],"434":[0,0],"435":[0,0],"436":[0,0],"437":[0,0],"438":[0,0],"439":[0,0],"440":[0,0],"441":[0,0],"442":[0,0],"443":[0,0],"444":[0,0],"445":[0,0],"446":[0,0],"447":[0,0],"448":[0,0],"449":[0,0],"450":[0,0],"451":[0,0,0,0],"452":[0,0],"453":[0,0,0,0,0,0,0],"454":[0,0],"455":[0,0],"456":[0,0],"457":[0,0],"458":[0,0],"459":[0,0],"460":[0,0],"461":[0,0],"462":[0,0],"463":[0,0],"464":[0,0],"465":[0,0],"466":[0,0],"467":[0,0],"468":[0,0],"469":[0,0],"470":[0,0],"471":[0,0],"472":[0,0],"473":[0,0],"474":[0,0],"475":[0,0],"476":[0,0],"477":[0,0],"478":[0,0],"479":[0,0],"480":[0,0],"481":[0,0],"482":[0,0],"483":[0,1],"484":[1,1],"485":[7,0],"486":[7,0],"487":[7,7,7],"488":[1,0],"489":[1,0],"490":[1,1,0,0],"491":[0,1],"492":[0,0],"493":[0,0,0,0],"494":[0,2],"495":[0,2],"496":[0,0],"497":[0,2],"498":[0,0],"499":[0,0],"500":[0,0],"501":[0,0],"502":[0,0],"503":[0,0],"504":[0,0],"505":[0,2],"506":[0,2],"507":[2,0],"508":[0,1],"509":[1,0],"510":[0,8],"511":[0,0],"512":[0,0],"513":[0,0],"514":[0,0],"515":[0,0],"516":[0,0],"517":[0,0],"518":[0,0],"519":[0,0],"520":[0,0],"521":[0,0],"522":[0,0],"523":[0,0],"524":[0,0],"525":[0,0],"526":[0,0],"527":[0,1],"528":[1,0],"529":[1,0],"530":[1,1],"531":[0,0],"532":[0,0],"533":[0,0,0]},"f":{"1":1,"2":0,"3":0,"4":0,"5":0,"6":0,"7":0,"8":0,"9":0,"10":0,"11":0,"12":0,"13":0,"14":0,"15":0,"16":0,"17":0,"18":0,"19":0,"20":0,"21":0,"22":0,"23":0,"24":0,"25":0,"26":0,"27":0,"28":0,"29":0,"30":0,"31":0,"32":0,"33":0,"34":0,"35":0,"36":0,"37":0,"38":0,"39":0,"40":0,"41":0,"42":0,"43":0,"44":0,"45":0,"46":0,"47":0,"48":0,"49":0,"50":0,"51":0,"52":0,"53":0,"54":0,"55":0,"56":0,"57":0,"58":0,"59":0,"60":0,"61":0,"62":0,"63":0,"64":1,"65":0,"66":0,"67":0,"68":0,"69":0,"70":0,"71":0,"72":0,"73":0,"74":0,"75":0,"76":0,"77":0,"78":0,"79":0,"80":0,"81":0,"82":2,"83":0,"84":0,"85":0,"86":0,"87":0,"88":0,"89":0,"90":0,"91":0,"92":0,"93":0,"94":0,"95":0,"96":0,"97":0,"98":0,"99":0,"100":1,"101":0,"102":0,"103":1,"104":2,"105":0,"106":0,"107":0,"108":0,"109":0,"110":0,"111":0,"112":0,"113":0,"114":0,"115":0,"116":0,"117":0,"118":0,"119":0,"120":0,"121":0,"122":0,"123":0,"124":0,"125":0,"126":0,"127":0,"128":0,"129":0},"fnMap":{"1":{"name":"(anonymous_1)","line":2,"loc":{"start":{"line":2,"column":2},"end":{"line":2,"column":25}}},"2":{"name":"(anonymous_2)","line":199,"loc":{"start":{"line":199,"column":28},"end":{"line":199,"column":40}}},"3":{"name":"(anonymous_3)","line":211,"loc":{"start":{"line":211,"column":11},"end":{"line":211,"column":23}}},"4":{"name":"(anonymous_4)","line":224,"loc":{"start":{"line":224,"column":25},"end":{"line":224,"column":38}}},"5":{"name":"(anonymous_5)","line":272,"loc":{"start":{"line":272,"column":21},"end":{"line":272,"column":33}}},"6":{"name":"(anonymous_6)","line":312,"loc":{"start":{"line":312,"column":24},"end":{"line":312,"column":36}}},"7":{"name":"(anonymous_7)","line":406,"loc":{"start":{"line":406,"column":27},"end":{"line":406,"column":39}}},"8":{"name":"(anonymous_8)","line":446,"loc":{"start":{"line":446,"column":24},"end":{"line":446,"column":37}}},"9":{"name":"(anonymous_9)","line":456,"loc":{"start":{"line":456,"column":38},"end":{"line":456,"column":51}}},"10":{"name":"(anonymous_10)","line":467,"loc":{"start":{"line":467,"column":20},"end":{"line":467,"column":33}}},"11":{"name":"(anonymous_11)","line":477,"loc":{"start":{"line":477,"column":12},"end":{"line":477,"column":24}}},"12":{"name":"(anonymous_12)","line":487,"loc":{"start":{"line":487,"column":25},"end":{"line":487,"column":38}}},"13":{"name":"(anonymous_13)","line":497,"loc":{"start":{"line":497,"column":35},"end":{"line":497,"column":48}}},"14":{"name":"(anonymous_14)","line":528,"loc":{"start":{"line":528,"column":32},"end":{"line":528,"column":44}}},"15":{"name":"(anonymous_15)","line":601,"loc":{"start":{"line":601,"column":30},"end":{"line":601,"column":42}}},"16":{"name":"(anonymous_16)","line":668,"loc":{"start":{"line":668,"column":33},"end":{"line":668,"column":45}}},"17":{"name":"(anonymous_17)","line":704,"loc":{"start":{"line":704,"column":29},"end":{"line":704,"column":41}}},"18":{"name":"(anonymous_18)","line":756,"loc":{"start":{"line":756,"column":40},"end":{"line":756,"column":52}}},"19":{"name":"(anonymous_19)","line":796,"loc":{"start":{"line":796,"column":38},"end":{"line":796,"column":50}}},"20":{"name":"(anonymous_20)","line":838,"loc":{"start":{"line":838,"column":41},"end":{"line":838,"column":53}}},"21":{"name":"(anonymous_21)","line":889,"loc":{"start":{"line":889,"column":27},"end":{"line":889,"column":39}}},"22":{"name":"(anonymous_22)","line":946,"loc":{"start":{"line":946,"column":30},"end":{"line":946,"column":42}}},"23":{"name":"(anonymous_23)","line":1012,"loc":{"start":{"line":1012,"column":15},"end":{"line":1012,"column":27}}},"24":{"name":"(anonymous_24)","line":1021,"loc":{"start":{"line":1021,"column":26},"end":{"line":1021,"column":38}}},"25":{"name":"(anonymous_25)","line":1030,"loc":{"start":{"line":1030,"column":12},"end":{"line":1030,"column":24}}},"26":{"name":"(anonymous_26)","line":1039,"loc":{"start":{"line":1039,"column":27},"end":{"line":1039,"column":39}}},"27":{"name":"(anonymous_27)","line":1048,"loc":{"start":{"line":1048,"column":27},"end":{"line":1048,"column":39}}},"28":{"name":"(anonymous_28)","line":1057,"loc":{"start":{"line":1057,"column":13},"end":{"line":1057,"column":25}}},"29":{"name":"(anonymous_29)","line":1066,"loc":{"start":{"line":1066,"column":22},"end":{"line":1066,"column":35}}},"30":{"name":"(anonymous_30)","line":1075,"loc":{"start":{"line":1075,"column":32},"end":{"line":1075,"column":45}}},"31":{"name":"(anonymous_31)","line":1110,"loc":{"start":{"line":1110,"column":24},"end":{"line":1110,"column":40}}},"32":{"name":"(anonymous_32)","line":1243,"loc":{"start":{"line":1243,"column":20},"end":{"line":1243,"column":33}}},"33":{"name":"(anonymous_33)","line":1417,"loc":{"start":{"line":1417,"column":21},"end":{"line":1417,"column":34}}},"34":{"name":"(anonymous_34)","line":1459,"loc":{"start":{"line":1459,"column":33},"end":{"line":1459,"column":45}}},"35":{"name":"(anonymous_35)","line":1469,"loc":{"start":{"line":1469,"column":30},"end":{"line":1469,"column":42}}},"36":{"name":"(anonymous_36)","line":1479,"loc":{"start":{"line":1479,"column":22},"end":{"line":1479,"column":34}}},"37":{"name":"(anonymous_37)","line":1507,"loc":{"start":{"line":1507,"column":19},"end":{"line":1507,"column":32}}},"38":{"name":"(anonymous_38)","line":1626,"loc":{"start":{"line":1626,"column":23},"end":{"line":1626,"column":36}}},"39":{"name":"(anonymous_39)","line":1648,"loc":{"start":{"line":1648,"column":12},"end":{"line":1648,"column":24}}},"40":{"name":"(anonymous_40)","line":1671,"loc":{"start":{"line":1671,"column":19},"end":{"line":1671,"column":31}}},"41":{"name":"(anonymous_41)","line":1705,"loc":{"start":{"line":1705,"column":26},"end":{"line":1705,"column":38}}},"42":{"name":"(anonymous_42)","line":1807,"loc":{"start":{"line":1807,"column":22},"end":{"line":1807,"column":34}}},"43":{"name":"(anonymous_43)","line":1852,"loc":{"start":{"line":1852,"column":20},"end":{"line":1852,"column":33}}},"44":{"name":"(anonymous_44)","line":1929,"loc":{"start":{"line":1929,"column":15},"end":{"line":1929,"column":33}}},"45":{"name":"(anonymous_45)","line":1944,"loc":{"start":{"line":1944,"column":31},"end":{"line":1944,"column":49}}},"46":{"name":"(anonymous_46)","line":1968,"loc":{"start":{"line":1968,"column":20},"end":{"line":1968,"column":38}}},"47":{"name":"(anonymous_47)","line":2005,"loc":{"start":{"line":2005,"column":14},"end":{"line":2005,"column":32}}},"48":{"name":"(anonymous_48)","line":2039,"loc":{"start":{"line":2039,"column":17},"end":{"line":2039,"column":33}}},"49":{"name":"(anonymous_49)","line":2110,"loc":{"start":{"line":2110,"column":30},"end":{"line":2110,"column":48}}},"50":{"name":"(anonymous_50)","line":2138,"loc":{"start":{"line":2138,"column":16},"end":{"line":2138,"column":33}}},"51":{"name":"(anonymous_51)","line":2188,"loc":{"start":{"line":2188,"column":15},"end":{"line":2188,"column":27}}},"52":{"name":"(anonymous_52)","line":2203,"loc":{"start":{"line":2203,"column":14},"end":{"line":2203,"column":32}}},"53":{"name":"(anonymous_53)","line":2251,"loc":{"start":{"line":2251,"column":22},"end":{"line":2251,"column":35}}},"54":{"name":"(anonymous_54)","line":2348,"loc":{"start":{"line":2348,"column":18},"end":{"line":2348,"column":36}}},"55":{"name":"(anonymous_55)","line":2383,"loc":{"start":{"line":2383,"column":35},"end":{"line":2383,"column":53}}},"56":{"name":"(anonymous_56)","line":2408,"loc":{"start":{"line":2408,"column":15},"end":{"line":2408,"column":27}}},"57":{"name":"(anonymous_57)","line":2421,"loc":{"start":{"line":2421,"column":26},"end":{"line":2421,"column":38}}},"58":{"name":"(anonymous_58)","line":2431,"loc":{"start":{"line":2431,"column":25},"end":{"line":2431,"column":37}}},"59":{"name":"digitsToString","line":2501,"loc":{"start":{"line":2501,"column":2},"end":{"line":2501,"column":29}}},"60":{"name":"checkInt32","line":2531,"loc":{"start":{"line":2531,"column":2},"end":{"line":2531,"column":35}}},"61":{"name":"checkRoundingDigits","line":2543,"loc":{"start":{"line":2543,"column":2},"end":{"line":2543,"column":52}}},"62":{"name":"convertBase","line":2594,"loc":{"start":{"line":2594,"column":2},"end":{"line":2594,"column":45}}},"63":{"name":"cosine","line":2622,"loc":{"start":{"line":2622,"column":2},"end":{"line":2622,"column":27}}},"64":{"name":"(anonymous_64)","line":2657,"loc":{"start":{"line":2657,"column":16},"end":{"line":2657,"column":28}}},"65":{"name":"multiplyInteger","line":2660,"loc":{"start":{"line":2660,"column":4},"end":{"line":2660,"column":41}}},"66":{"name":"compare","line":2676,"loc":{"start":{"line":2676,"column":4},"end":{"line":2676,"column":35}}},"67":{"name":"subtract","line":2693,"loc":{"start":{"line":2693,"column":4},"end":{"line":2693,"column":38}}},"68":{"name":"(anonymous_68)","line
[...]
 rd = [];","","    if (sd === void 0) sd = this.precision;","    else checkInt32(sd, 1, MAX_DIGITS);","","    k = Math.ceil(sd / LOG_BASE);","","    if (!this.crypto) {","      for (; i < k;) rd[i++] = Math.random() * 1e7 | 0;","","    // Browsers supporting crypto.getRandomValues.","    } else if (crypto.getRandomValues) {","      d = crypto.getRandomValues(new Uint32Array(k));","","      for (; i < k;) {","        n = d[i];","","        // 0 <= n < 4294967296","        // Probability n >= 4.29e9, is 4967296 / 4294967296 = 0.00116 (1 in 865).","        if (n >= 4.29e9) {","          d[i] = crypto.getRandomValues(new Uint32Array(1))[0];","        } else {","","          // 0 <= n <= 4289999999","          // 0 <= (n % 1e7) <= 9999999","          rd[i++] = n % 1e7;","        }","      }","","    // Node.js supporting crypto.randomBytes.","    } else if (crypto.randomBytes) {","","      // buffer","      d = crypto.randomBytes(k *= 4);","","      for (; i < k;) {","","        // 0 <= n < 2147483648","        n = d[i] + (d[i + 1] << 8) + (d[i + 2] << 16) + ((d[i + 3] & 0x7f) << 24);","","        // Probability n >= 2.14e9, is 7483648 / 2147483648 = 0.0035 (1 in 286).","        if (n >= 2.14e9) {","          crypto.randomBytes(4).copy(d, i);","        } else {","","          // 0 <= n <= 2139999999","          // 0 <= (n % 1e7) <= 9999999","          rd.push(n % 1e7);","          i += 4;","        }","      }","","      i = k / 4;","    } else {","      throw Error(cryptoUnavailable);","    }","","    k = rd[--i];","    sd %= LOG_BASE;","","    // Convert trailing digits to zeros according to sd.","    if (k && sd) {","      n = mathpow(10, LOG_BASE - sd);","      rd[i] = (k / n | 0) * n;","    }","","    // Remove trailing words which are zero.","    for (; rd[i] === 0; i--) rd.pop();","","    // Zero?","    if (i < 0) {","      e = 0;","      rd = [0];","    } else {","      e = -1;","","      // Remove leading words which are zero and adjust exponent accordingly.","      for (; rd[0] === 0; e -= LOG_BASE) rd.shift();","","      // Count the digits of the first word of rd to determine leading zeros.","      for (k = 1, n = rd[0]; n >= 10; n /= 10) k++;","","      // Adjust the exponent for leading zeros of the first word of rd.","      if (k < LOG_BASE) e -= LOG_BASE - k;","    }","","    r.e = e;","    r.d = rd;","","    return r;","  }","","","  /*","   * Return a new Decimal whose value is `x` rounded to an integer using rounding mode `rounding`.","   *","   * To emulate `Math.round`, set rounding to 7 (ROUND_HALF_CEIL).","   *","   * x {number|string|Decimal}","   *","   */","  function round(x) {","    return finalise(x = new this(x), x.e + 1, this.rounding);","  }","","","  /*","   * Return","   *   1    if x > 0,","   *  -1    if x < 0,","   *   0    if x is 0,","   *  -0    if x is -0,","   *   NaN  otherwise","   *","   */","  function sign(x) {","    x = new this(x);","    return x.d ? (x.d[0] ? x.s : 0 * x.s) : x.s || NaN;","  }","","","  /*","   * Return a new Decimal whose value is the sine of `x`, rounded to `precision` significant digits","   * using rounding mode `rounding`.","   *","   * x {number|string|Decimal} A value in radians.","   *","   */","  function sin(x) {","    return new this(x).sin();","  }","","","  /*","   * Return a new Decimal whose value is the hyperbolic sine of `x`, rounded to `precision`","   * significant digits using rounding mode `rounding`.","   *","   * x {number|string|Decimal} A value in radians.","   *","   */","  function sinh(x) {","    return new this(x).sinh();","  }","","","  /*","   * Return a new Decimal whose value is the square root of `x`, rounded to `precision` significant","   * digits using rounding mode `rounding`.","   *","   * x {number|string|Decimal}","   *","   */","  function sqrt(x) {","    return new this(x).sqrt();","  }","","","  /*","   * Return a new Decimal whose value is `x` minus `y`, rounded to `precision` significant digits","   * using rounding mode `rounding`.","   *","   * x {number|string|Decimal}","   * y {number|string|Decimal}","   *","   */","  function sub(x, y) {","    return new this(x).sub(y);","  }","","","  /*","   * Return a new Decimal whose value is the tangent of `x`, rounded to `precision` significant","   * digits using rounding mode `rounding`.","   *","   * x {number|string|Decimal} A value in radians.","   *","   */","  function tan(x) {","    return new this(x).tan();","  }","","","  /*","   * Return a new Decimal whose value is the hyperbolic tangent of `x`, rounded to `precision`","   * significant digits using rounding mode `rounding`.","   *","   * x {number|string|Decimal} A value in radians.","   *","   */","  function tanh(x) {","    return new this(x).tanh();","  }","","","  /*","   * Return a new Decimal whose value is `x` truncated to an integer.","   *","   * x {number|string|Decimal}","   *","   */","  function trunc(x) {","    return finalise(x = new this(x), x.e + 1, 1);","  }","","","  // Create and configure initial Decimal constructor.","  Decimal = clone(Decimal);","","  // Create the internal constants from their string values.","  LN10 = new Decimal(LN10);","  PI = new Decimal(PI);","","","  // Export.","","","  // AMD.","  if (typeof define == 'function' && define.amd) {","    define(function () {","      return Decimal;","    });","","  // Node and other environments that support module.exports.","  } else if (typeof module != 'undefined' && module.exports) {","    module.exports = Decimal['default'] = Decimal.Decimal = Decimal;","","  // Browser.","  } else {","    if (!globalScope) {","      globalScope = typeof self != 'undefined' && self && self.self == self","        ? self : Function('return this')();","    }","","    noConflict = globalScope.Decimal;","    Decimal.noConflict = function () {","      globalScope.Decimal = noConflict;","      return Decimal;","    };","","    globalScope.Decimal = Decimal;","  }","})(this);",""],"l":{"2":1,"20":1,"199":1,"200":0,"201":0,"202":0,"211":1,"212":0,"224":1,"225":0,"233":0,"234":0,"238":0,"241":0,"244":0,"246":0,"247":0,"250":0,"251":0,"255":0,"272":1,"273":0,"277":0,"280":0,"282":0,"283":0,"284":0,"285":0,"287":0,"289":0,"290":0,"292":0,"312":1,"313":0,"317":0,"318":0,"321":0,"325":0,"326":0,"327":0,"330":0,"331":0,"334":0,"336":0,"337":0,"339":0,"340":0,"343":0,"344":0,"346":0,"349":0,"353":0,"354":0,"355":0,"356":0,"357":0,"360":0,"361":0,"365":0,"369":0,"370":0,"372":0,"373":0,"374":0,"378":0,"379":0,"384":0,"387":0,"388":0,"391":0,"396":0,"398":0,"406":1,"407":0,"411":0,"412":0,"413":0,"416":0,"417":0,"418":0,"421":0,"446":1,"447":0,"456":1,"457":0,"459":0,"467":1,"468":0,"477":1,"478":0,"487":1,"488":0,"497":1,"498":0,"499":0,"528":1,"529":0,"534":0,"535":0,"537":0,"538":0,"539":0,"540":0,"541":0,"548":0,"549":0,"550":0,"552":0,"553":0,"556":0,"559":0,"562":0,"563":0,"564":0,"567":0,"601":1,"602":0,"606":0,"608":0,"609":0,"610":0,"611":0,"612":0,"614":0,"615":0,"627":0,"628":0,"630":0,"632":0,"635":0,"639":0,"640":0,"641":0,"645":0,"646":0,"648":0,"668":1,"669":0,"673":0,"674":0,"676":0,"677":0,"678":0,"679":0,"681":0,"704":1,"705":0,"712":0,"713":0,"720":0,"724":0,"725":0,"727":0,"728":0,"730":0,"731":0,"733":0,"756":1,"757":0,"761":0,"762":0,"764":0,"765":0,"766":0,"767":0,"768":0,"770":0,"772":0,"773":0,"774":0,"776":0,"796":1,"797":0,"801":0,"803":0,"804":0,"805":0,"806":0,"807":0,"809":0,"811":0,"812":0,"813":0,"815":0,"838":1,"839":0,"843":0,"844":0,"846":0,"847":0,"848":0,"850":0,"852":0,"854":0,"856":0,"857":0,"859":0,"861":0,"862":0,"864":0,"889":1,"890":0,"895":0,"897":0,"898":0,"899":0,"901":0,"904":0,"905":0,"906":0,"907":0,"911":0,"916":0,"917":0,"919":0,"921":0,"922":0,"924":0,"946":1,"947":0,"953":0,"954":0,"955":0,"956":0,"957":0,"958":0,"960":0,"961":0,"962":0,"963":0,"964":0,"965":0,"968":0,"969":0,"977":0,"979":0,"981":0,"983":0,"984":0,"985":0,"986":0,"987":0,"990":0,"991":0,"992":0,"994":0,"995":0,"997":0,"1000":0,"1002":0,"1004":0,"1012":1,"1013":0,"1021":1,"1022":0,"1030":1,"1031":0,"1039":1,"1040":0,"1048":1,"1049":0,"1057":1,"1058":0,"1066":1,"1067":0,"1075":1,"1076":0,"1110":1,"1111":0,"1119":0,"1120":0,"1121":0,"1123":0,"1124":0,"1127":0,"1129":0,"1132":0,"1135":0,"1136":0,"1141":0,"1142":0,"1143":0,"1145":0,"1146":0,"1150":0,"1151":0,"1152":0,"1153":0,"1156":0,"1172":0,"1174":0,"1175":0,"1176":0,"1177":0,"1178":0,"1180":0,"1183":0,"1184":0,"1187":0,"1192":0,"1194":0,"1243":1,"1244":0,"1248":0,"1251":0,"1254":0,"1257":0,"1262":0,"1264":0,"1268":0,"1269":0,"1270":0,"1273":0,"1274":0,"1275":0,"1276":0,"1279":0,"1282":0,"1285":0,"1289":0,"1291":0,"1297":0,"1298":0,"1300":0,"1301":0,"1304":0,"1305":0,"1307":0,"1308":0,"1309":0,"1310":0,"1312":0,"1313":0,"1314":0,"1320":0,"1322":0,"1323":0,"1324":0,"1328":0,"1329":0,"1330":0,"1337":0,"1338":0,"1339":0,"1340":0,"1342":0,"1343":0,"1344":0,"1345":0,"1349":0,"1352":0,"1353":0,"1354":0,"1355":0,"1356":0,"1359":0,"1363":0,"1366":0,"1368":0,"1369":0,"1370":0,"1371":0,"1374":0,"1378":0,"1381":0,"1384":0,"1386":0,"1387":0,"1389":0,"1417":1,"1418":0,"1422":0,"1425":0,"1428":0,"1429":0,"1433":0,"1435":0,"1439":0,"1440":0,"1442":0,"1445":0,"1447":0,"1449":0,"1459":1,"1460":0,"1469":1,"1470":0,"1479":1,"1480":0,"1481":0,"1482":0,"1507":1,"1508":0,"1512":0,"1515":0,"1518":0,"1524":0,"1526":0,"1530":0,"1531":0,"1532":0,"1535":0,"1536":0,"1537":0,"1538":0,"1541":0,"1545":0,"1547":0,"1553":0,"1554":0,"1556":0,"1557":0,"1560":0,"1562":0,"1563":0,"1564":0,"1565":0,"1567":0,"1568":0,"1569":0,"1573":0,"1574":0,"1576":0,"1577":0,"1578":0,"1582":0,"1583":0,"1584":0,"1587":0,"1588":0,"1591":0,"1592":0,"1593":0,"1594":0,"1595":0,"1599":0,"1600":0,"1601":0,"1604":0,"1605":0,"1606":0,"1611":0,"1613":0,"1614":0,"1616":0,"1626":1,"1627":0,"1630":0,"1632":0,"1633":0,"1634":0,"1636":0,"1639":0,"1648":1,"1649":0,"1652":0,"1671":1,"1672":0,"1676":0,"1677":0,"1679":0,"1680":0,"1681":0,"1682":0,"1684":0,"1686":0,"1687":0,"1689":0,"1705":1,"1706":0,"1714":0,"1715":0,"1718":0,"1721":0,"1725":0,"1726":0,"1728":0,"1729":0,"1730":0,"1732":0,"1733":0,"1735":0,"1736":0,"1739":0,"1741":0,"1744":0,"1747":0,"1748":0,"1749":0,"1752":0,"1753":0,"1757":0,"1761":0,"1762":0,"1764":0,"1765":0,"1766":0,"1770":0,"1771":0,"1776":0,"1779":0,"1780":0,"1783":0,"1788":0,"1790":0,"1807":1,"1808":0,"1812":0,"1813":0,"1815":0,"1816":0,"1817":0,"1818":0,"1820":0,"1821":0,"1822":0,"1824":0,"1825":0,"1827":0,"1852":1,"1853":0,"1859":0,"1862":0,"1864":0,"1875":0,"1876":0,"1877":0,"1880":0,"1881":0,"1882":0,"1883":0,"1884":0,"1885":0,"1886":0,"1890":0,"1891":0,"1892":0,"1895":0,"1896":0,"1897":0,"1898":0,"1899":0,"1900":0,"1903":0,"1907":0,"1909":0,"1910":0,"1912":0,"1913":0,"1915":0,"1929":1,"1930":0,"1944":1,"1945":0,"1948":0,"1949":0,"1951":0,"1953":0,"1954":0,"1956":0,"1968":1,"1969":0,"1973":0,"1974":0,"1976":0,"1978":0,"1979":0,"1981":0,"1982":0,"1985":0,"2005":1,"2006":0,"2010":0,"2011":0,"2013":0,"2015":0,"2016":0,"2018":0,"2019":0,"2024":0,"2039":1,"2040":0,"2045":0,"2047":0,"2048":0,"2050":0,"2051":0,"2052":0,"2053":0,"2055":0,"2058":0,"2060":0,"2061":0,"2062":0,"2065":0,"2066":0,"2067":0,"2068":0,"2070":0,"2071":0,"2072":0,"2073":0,"2074":0,"2075":0,"2076":0,"2077":0,"2078":0,"2079":0,"2080":0,"2081":0,"2084":0,"2085":0,"2086":0,"2087":0,"2090":0,"2093":0,"2094":0,"2096":0,"2110":1,"2111":0,"2138":1,"2139":0,"2142":0,"2144":0,"2147":0,"2149":0,"2150":0,"2152":0,"2153":0,"2156":0,"2159":0,"2160":0,"2161":0,"2166":0,"2167":0,"2168":0,"2169":0,"2170":0,"2171":0,"2175":0,"2176":0,"2179":0,"2188":1,"2189":0,"2203":1,"2204":0,"2251":1,"2252":0,"2258":0,"2260":0,"2262":0,"2264":0,"2265":0,"2267":0,"2269":0,"2270":0,"2271":0,"2272":0,"2274":0,"2275":0,"2278":0,"2279":0,"2280":0,"2284":0,"2290":0,"2291":0,"2298":0,"2300":0,"2301":0,"2307":0,"2310":0,"2313":0,"2317":0,"2318":0,"2321":0,"2324":0,"2325":0,"2329":0,"2330":0,"2331":0,"2333":0,"2348":1,"2349":0,"2353":0,"2354":0,"2356":0,"2358":0,"2359":0,"2361":0,"2362":0,"2365":0,"2383":1,"2384":0,"2387":0,"2388":0,"2389":0,"2391":0,"2393":0,"2394":0,"2397":0,"2408":1,"2409":0,"2413":0,"2421":1,"2422":0,"2431":1,"2432":0,"2436":0,"2501":1,"2502":0,"2507":0,"2508":0,"2509":0,"2510":0,"2511":0,"2512":0,"2513":0,"2516":0,"2517":0,"2518":0,"2519":0,"2520":0,"2521":0,"2525":0,"2527":0,"2531":1,"2532":0,"2533":0,"2543":1,"2544":0,"2547":0,"2550":0,"2551":0,"2552":0,"2554":0,"2555":0,"2561":0,"2562":0,"2564":0,"2565":0,"2566":0,"2567":0,"2568":0,"2570":0,"2575":0,"2576":0,"2577":0,"2578":0,"2579":0,"2581":0,"2587":0,"2594":1,"2595":0,"2601":0,"2602":0,"2603":0,"2604":0,"2605":0,"2606":0,"2607":0,"2608":0,"2613":0,"2622":1,"2623":0,"2630":0,"2631":0,"2632":0,"2634":0,"2635":0,"2638":0,"2640":0,"2643":0,"2644":0,"2645":0,"2648":0,"2650":0,"2657":1,"2660":1,"2661":0,"2665":0,"2666":0,"2667":0,"2668":0,"2671":0,"2673":0,"2676":1,"2677":0,"2679":0,"2680":0,"2682":0,"2683":0,"2684":0,"2685":0,"2690":0,"2693":1,"2694":0,"2697":0,"2698":0,"2699":0,"2700":0,"2704":0,"2707":1,"2708":0,"2716":0,"2718":0,"2725":0,"2726":0,"2727":0,"2729":0,"2730":0,"2731":0,"2734":0,"2735":0,"2736":0,"2737":0,"2741":0,"2743":0,"2745":0,"2746":0,"2747":0,"2748":0,"2749":0,"2751":0,"2754":0,"2755":0,"2756":0,"2760":0,"2761":0,"2764":0,"2765":0,"2766":0,"2767":0,"2770":0,"2771":0,"2772":0,"2773":0,"2776":0,"2782":0,"2784":0,"2785":0,"2786":0,"2787":0,"2788":0,"2791":0,"2792":0,"2793":0,"2796":0,"2798":0,"2799":0,"2800":0,"2802":0,"2804":0,"2805":0,"2808":0,"2811":0,"2814":0,"2815":0,"2818":0,"2828":0,"2829":0,"2832":0,"2833":0,"2834":0,"2837":0,"2840":0,"2841":0,"2844":0,"2851":0,"2852":0,"2855":0,"2856":0,"2859":0,"2862":0,"2863":0,"2866":0,"2869":0,"2870":0,"2873":0,"2877":0,"2878":0,"2879":0,"2880":0,"2884":0,"2887":0,"2888":0,"2890":0,"2891":0,"2896":0,"2900":0,"2904":0,"2905":0,"2906":0,"2910":0,"2911":0,"2913":0,"2916":0,"2925":1,"2926":0,"2930":0,"2931":0,"2934":0,"2945":0,"2946":0,"2949":0,"2950":0,"2951":0,"2952":0,"2955":0,"2957":0,"2958":0,"2959":0,"2960":0,"2963":0,"2964":0,"2965":0,"2966":0,"2967":0,"2969":0,"2972":0,"2975":0,"2978":0,"2982":0,"2985":0,"2990":0,"2997":0,"3005":0,"3006":0,"3007":0,"3010":0,"3013":0,"3014":0,"3018":0,"3021":0,"3025":0,"3026":0,"3027":0,"3028":0,"3030":0,"3031":0,"3035":0,"3038":0,"3039":0,"3042":0,"3045":0,"3046":0,"3047":0,"3050":0,"3051":0,"3052":0,"3055":0,"3057":0,"3058":0,"3059":0,"3060":0,"3066":0,"3069":0,"3072":0,"3075":0,"3076":0,"3079":0,"3082":0,"3083":0,"3088":0,"3092":1,"3093":0,"3094":0,"3099":0,"3100":0,"3101":0,"3102":0,"3103":0,"3106":0,"3107":0,"3108":0,"3109":0,"3110":0,"3111":0,"3112":0,"3114":0,"3115":0,"3116":0,"3117":0,"3121":0,"3126":1,"3127":0,"3130":0,"3131":0,"3135":1,"3136":0,"3139":0,"3140":0,"3141":0,"3143":0,"3147":1,"3148":0,"3149":0,"3153":1,"3154":0,"3157":0,"3160":0,"3163":0,"3166":0,"3169":0,"3173":1,"3174":0,"3175":0,"3176":0,"3187":1,"3188":0,"3195":0,"3197":0,"3198":0,"3199":0,"3200":0,"3203":0,"3204":0,"3207":0,"3208":0,"3209":0,"3212":0,"3213":0,"3216":0,"3218":0,"3222":1,"3223":0,"3230":1,"3231":0,"3235":0,"3236":0,"3237":0,"3238":0,"3239":0,"3240":0,"3241":0,"3245":0,"3280":1,"3281":0,"3290":0,"3292":0,"3297":0,"3298":0,"3299":0,"3301":0,"3304":0,"3307":0,"3310":0,"3311":0,"3316":0,"3317":0,"3318":0,"3319":0,"3321":0,"3322":0,"3323":0,"3324":0,"3326":0,"3327":0,"3328":0,"3335":0,"3337":0,"3338":0,"3339":0,"3340":0,"3341":0,"3343":0,"3346":0,"3347":0,"3351":0,"3371":1,"3372":0,"3382":0,"3383":0,"3386":0,"3387":0,"3388":0,"3390":0,"3393":0,"3394":0,"3395":0,"3397":0,"3410":0,"3411":0,"3412":0,"3413":0,"3414":0,"3417":0,"3419":0,"3420":0,"3421":0,"3423":0,"3430":0,"3431":0,"3432":0,"3434":0,"3438":0,"3443":0,"3444":0,"3445":0,"3447":0,"3448":0,"3449":0,"3451":0,"3452":0,"3456":0,"3457":0,"3465":0,"3466":0,"3467":0,"3468":0,"3469":0,"3470":0,"3472":0,"3475":0,"3476":0,"3480":0,"3481":0,"3487":1,"3489":0,"3496":1,"3497":2,"3500":2,"3503":2,"3506":0,"3507":0,"3508":0,"3509":2,"3512":0,"3516":2,"3519":2,"3520":2,"3522":2,"3523":2,"3524":2,"3525":2,"3531":2,"3532":2,"3534":2,"3535":2,"3536":292,"3537":2,"3538":2,"3540":0,"3543":10,"3544":2,"3546":2,"3549":2,"3552":0,"3553":0,"3556":2,"3559":0,"3560":0,"3567":0,"3568":0,"3571":2,"3578":1,"3579":0,"3581":0,"3582":0,"3583":0,"3584":0,"3585":0,"3588":0,"3589":0,"3590":0,"3591":0,"3592":0,"3593":0,"3594":0,"3596":0,"3600":0,"3602":0,"3603":0,"3604":0,"3606":0,"3611":0,"3612":0,"3613":0,"3615":0,"3616":0,"3617":0,"3618":0,"3621":0,"3624":0,"3625":0,"3628":0,"3629":0,"3630":0,"3631":0,"3632":0,"3640":0,"3643":0,"3644":0,"3646":0,"3655":1,"3656":0,"3659":0,"3666":0,"3667":0,"3670":0,"3671":0,"3674":0,"3678":0,"3679":0,"3680":0,"3683":0,"3688":1,"3689":0,"3694":0,"3695":0,"3696":0,"3698":0,"3699":0,"3700":0,"3701":0,"3702":0,"3704":0,"3705":0,"3706":0,"3709":0,"3710":0,"3711":0,"3712":0,"3713":0,"3716":0,"3717":0,"3719":0,"3724":1,"3725":0,"3730":0,"3732":0,"3733":0,"3734":0,"3737":0,"3739":0,"3740":0,"3742":0,"3745":0,"3746":0,"3747":0,"3750":0,"3753":0,"3762":1,"3763":0,"3767":0,"3768":0,"3769":0,"3770":0,"3772":0,"3773":0,"3776":0,"3777":0,"3779":0,"3780":0,"3787":0,"3788":0,"3789":0,"3790":0,"3791":0,"3792":0,"3795":0,"3802":0,"3803":0,"3804":0,"3805":0,"3806":0,"3807":0,"3810":0,"3811":0,"3814":0,"3816":0,"3817":0,"3819":0,"3820":0,"3822":0,"3823":0,"3824":0,"3825":0,"3826":0,"3827":0,"3828":0,"3832":0,"3833":0,"3834":0,"3836":0,"3841":0,"3843":0,"3846":0,"3847":0,"3848":0,"3849":0,"3850":0,"3856":0,"3859":0,"3862":0,"3863":0,"3864":0,"3865":0,"3866":0,"3867":0,"3868":0,"3871":0,"3873":0,"3877":0,"3878":0,"3879":0,"3880":0,"3882":0,"3883":0,"3887":0,"3890":0,"3895":1,"3896":0,"3897":0,"3898":0,"3955":1,"3956":0,"3966":1,"3967":0,"3978":1,"3979":0,"3991":1,"3992":0,"4003":1,"4004":0,"4015":1,"4016":0,"4027":1,"4028":0,"4039":1,"4040":0,"4069":1,"4070":0,"4071":0,"4072":0,"4078":0,"4079":0,"4082":0,"4083":0,"4084":0,"4087":0,"4088":0,"4089":0,"4092":0,"4093":0,"4094":0,"4097":0,"4098":0,"4099":0,"4100":0,"4101":0,"4102":0,"4103":0,"4104":0,"4106":0,"4109":0,"4120":1,"4121":0,"4131":1,"4132":0,"4153":1,"4154":1,"4155":1,"4166":1,"4167":7,"4168":7,"4169":0,"4173":1,"4174":1,"4175":1,"4176":0,"4178":0,"4180":0,"4183":1,"4186":0,"4190":1,"4201":1,"4202":0,"4213":1,"4214":0,"4223":1,"4224":1,"4233":1,"4234":2,"4238":2,"4242":2,"4245":2,"4246":0,"4247":0,"4248":0,"4249":0,"4252":2,"4254":2,"4255":0,"4256":0,"4257":0,"4258":0,"4259":0,"4262":0,"4263":0,"4264":0,"4266":0,"4270":0,"4271":0,"4272":0,"4273":0,"4274":0,"4277":0,"4278":0,"4279":0,"4280":0,"4281":0,"4284":0,"4286":2,"4287":0,"4291":2,"4292":0,"4293":0,"4295":2,"4298":2,"4301":1,"4303":1,"4304":1,"4305":1,"4306":1,"4307":1,"4308":1,"4309":1,"4310":1,"4311":1,"4312":1,"4314":1,"4315":1,"4317":1,"4318":1,"4319":1,"4320":1,"4321":1,"4322":1,"4323":1,"4324":1,"4325":1,"4326":1,"4327":1,"4328":1,"4329":1,"4330":1,"4331":1,"4332":1,"4333":1,"4334":1,"4335":1,"4336":1,"4337":1,"4338":1,"4339":1,"4340":1,"4341":1,"4342":1,"4343":1,"4344":1,"4345":1,"4346":1,"4347":1,"4348":1,"4349":1,"4350":1,"4351":1,"4352":1,"4354":1,"4355":1,"4356":1,"4357":8,"4360":1,"4362":1,"4374":1,"4375":0,"4386":1,"4387":0,"4397":1,"4398":0,"4409":1,"4410":0,"4413":0,"4415":0,"4416":0,"4417":0,"4418":0,"4419":0,"4420":0,"4422":0,"4423":0,"4424":0,"4428":0,"4430":0,"4441":1,"4442":0,"4456":1,"4457":0,"4468":1,"4469":0,"4480":1,"4481":0,"4491":1,"4492":0,"4502":1,"4503":0,"4515":1,"4516":0,"4528":1,"4529":0,"4541":1,"4542":0,"4554":1,"4555":0,"4560":0,"4561":0,"4563":0,"4565":0,"4566":0,"4569":0,"4570":0,"4572":0,"4573":0,"4577":0,"4578":0,"4583":0,"4588":0,"4591":0,"4593":0,"4596":0,"4599":0,"4600":0,"4605":0,"4606":0,"4610":0,"4612":0,"4615":0,"4616":0,"4619":0,"4620":0,"4621":0,"4625":0,"4628":0,"4629":0,"4630":0,"4632":0,"4635":0,"4638":0,"4641":0,"4644":0,"4645":0,"4647":0,"4659":1,"4660":0,"4673":1,"4674":0,"4675":0,"4686":1,"4687":0,"4698":1,"4699":0,"4710":1,"4711":0,"4723":1,"4724":0,"4735":1,"4736":0,"4747":1,"4748":0,"4758":1,"4759":0,"4764":1,"4767":1,"4768":1,"4775":1,"4776":0,"4777":0,"4781":1,"4782":1,"4786":0,"4787":0,"4791":0,"4792":0,"4793":0,"4794":0,"4797":0}}}